INFO 2023-05-28 13:45:57,427 Watching for file changes with StatReloader
INFO 2023-05-28 13:46:09,726 Watching for file changes with StatReloader
ERROR 2023-05-28 13:46:19,074 Internal Server Error: /login/
Traceback (most recent call last):
  File "C:\Users\EliteBook\AppData\Local\Programs\Python\Python310\lib\site-packages\django\core\handlers\exception.py", line 55, in inner
    response = get_response(request)
  File "C:\Users\EliteBook\AppData\Local\Programs\Python\Python310\lib\site-packages\django\core\handlers\base.py", line 197, in _get_response
    response = wrapped_callback(request, *callback_args, **callback_kwargs)
  File "C:\Users\EliteBook\AppData\Local\Programs\Python\Python310\lib\site-packages\django\views\decorators\csrf.py", line 54, in wrapped_view
    return view_func(*args, **kwargs)
  File "C:\Users\EliteBook\AppData\Local\Programs\Python\Python310\lib\site-packages\django\views\generic\base.py", line 103, in view
    return self.dispatch(request, *args, **kwargs)
  File "C:\Users\EliteBook\AppData\Local\Programs\Python\Python310\lib\site-packages\rest_framework\views.py", line 509, in dispatch
    response = self.handle_exception(exc)
  File "C:\Users\EliteBook\AppData\Local\Programs\Python\Python310\lib\site-packages\rest_framework\views.py", line 469, in handle_exception
    self.raise_uncaught_exception(exc)
  File "C:\Users\EliteBook\AppData\Local\Programs\Python\Python310\lib\site-packages\rest_framework\views.py", line 480, in raise_uncaught_exception
    raise exc
  File "C:\Users\EliteBook\AppData\Local\Programs\Python\Python310\lib\site-packages\rest_framework\views.py", line 506, in dispatch
    response = handler(request, *args, **kwargs)
  File "C:\Users\EliteBook\realtor\backend\users\views.py", line 75, in post
    return JsonResponse(context)
  File "C:\Users\EliteBook\AppData\Local\Programs\Python\Python310\lib\site-packages\django\http\response.py", line 691, in __init__
    data = json.dumps(data, cls=encoder, **json_dumps_params)
  File "C:\Users\EliteBook\AppData\Local\Programs\Python\Python310\lib\json\__init__.py", line 238, in dumps
    **kw).encode(obj)
  File "C:\Users\EliteBook\AppData\Local\Programs\Python\Python310\lib\json\encoder.py", line 199, in encode
    chunks = self.iterencode(o, _one_shot=True)
  File "C:\Users\EliteBook\AppData\Local\Programs\Python\Python310\lib\json\encoder.py", line 257, in iterencode
    return _iterencode(o, 0)
  File "C:\Users\EliteBook\AppData\Local\Programs\Python\Python310\lib\site-packages\django\core\serializers\json.py", line 106, in default
    return super().default(o)
  File "C:\Users\EliteBook\AppData\Local\Programs\Python\Python310\lib\json\encoder.py", line 179, in default
    raise TypeError(f'Object of type {o.__class__.__name__} '
TypeError: Object of type FieldFile is not JSON serializable
ERROR 2023-05-28 13:46:19,078 "POST /login/ HTTP/1.1" 500 129151
INFO 2023-05-28 13:50:18,041 C:\Users\EliteBook\realtor\backend\users\views.py changed, reloading.
INFO 2023-05-28 13:50:20,261 Watching for file changes with StatReloader
INFO 2023-05-28 13:50:37,665 Watching for file changes with StatReloader
ERROR 2023-05-28 13:50:51,223 Internal Server Error: /login/
Traceback (most recent call last):
  File "C:\Users\EliteBook\AppData\Local\Programs\Python\Python310\lib\site-packages\django\core\handlers\exception.py", line 55, in inner
    response = get_response(request)
  File "C:\Users\EliteBook\AppData\Local\Programs\Python\Python310\lib\site-packages\django\core\handlers\base.py", line 197, in _get_response
    response = wrapped_callback(request, *callback_args, **callback_kwargs)
  File "C:\Users\EliteBook\AppData\Local\Programs\Python\Python310\lib\site-packages\django\views\decorators\csrf.py", line 54, in wrapped_view
    return view_func(*args, **kwargs)
  File "C:\Users\EliteBook\AppData\Local\Programs\Python\Python310\lib\site-packages\django\views\generic\base.py", line 103, in view
    return self.dispatch(request, *args, **kwargs)
  File "C:\Users\EliteBook\AppData\Local\Programs\Python\Python310\lib\site-packages\rest_framework\views.py", line 509, in dispatch
    response = self.handle_exception(exc)
  File "C:\Users\EliteBook\AppData\Local\Programs\Python\Python310\lib\site-packages\rest_framework\views.py", line 469, in handle_exception
    self.raise_uncaught_exception(exc)
  File "C:\Users\EliteBook\AppData\Local\Programs\Python\Python310\lib\site-packages\rest_framework\views.py", line 480, in raise_uncaught_exception
    raise exc
  File "C:\Users\EliteBook\AppData\Local\Programs\Python\Python310\lib\site-packages\rest_framework\views.py", line 506, in dispatch
    response = handler(request, *args, **kwargs)
  File "C:\Users\EliteBook\realtor\backend\users\views.py", line 75, in post
    return JsonResponse(context)
  File "C:\Users\EliteBook\AppData\Local\Programs\Python\Python310\lib\site-packages\django\http\response.py", line 691, in __init__
    data = json.dumps(data, cls=encoder, **json_dumps_params)
  File "C:\Users\EliteBook\AppData\Local\Programs\Python\Python310\lib\json\__init__.py", line 238, in dumps
    **kw).encode(obj)
  File "C:\Users\EliteBook\AppData\Local\Programs\Python\Python310\lib\json\encoder.py", line 199, in encode
    chunks = self.iterencode(o, _one_shot=True)
  File "C:\Users\EliteBook\AppData\Local\Programs\Python\Python310\lib\json\encoder.py", line 257, in iterencode
    return _iterencode(o, 0)
  File "C:\Users\EliteBook\AppData\Local\Programs\Python\Python310\lib\site-packages\django\core\serializers\json.py", line 106, in default
    return super().default(o)
  File "C:\Users\EliteBook\AppData\Local\Programs\Python\Python310\lib\json\encoder.py", line 179, in default
    raise TypeError(f'Object of type {o.__class__.__name__} '
TypeError: Object of type FieldFile is not JSON serializable
ERROR 2023-05-28 13:50:51,223 "POST /login/ HTTP/1.1" 500 129156
INFO 2023-05-28 13:52:04,728 C:\Users\EliteBook\realtor\backend\users\views.py changed, reloading.
INFO 2023-05-28 13:52:05,981 Watching for file changes with StatReloader
INFO 2023-05-28 13:52:10,233 C:\Users\EliteBook\realtor\backend\users\views.py changed, reloading.
INFO 2023-05-28 13:52:11,603 Watching for file changes with StatReloader
INFO 2023-05-28 13:52:16,915 C:\Users\EliteBook\realtor\backend\users\views.py changed, reloading.
INFO 2023-05-28 13:52:18,397 Watching for file changes with StatReloader
INFO 2023-05-28 13:52:24,191 C:\Users\EliteBook\realtor\backend\users\views.py changed, reloading.
INFO 2023-05-28 13:52:25,615 Watching for file changes with StatReloader
ERROR 2023-05-28 13:52:31,848 Internal Server Error: /login/
Traceback (most recent call last):
  File "C:\Users\EliteBook\AppData\Local\Programs\Python\Python310\lib\site-packages\django\core\handlers\exception.py", line 55, in inner
    response = get_response(request)
  File "C:\Users\EliteBook\AppData\Local\Programs\Python\Python310\lib\site-packages\django\core\handlers\base.py", line 197, in _get_response
    response = wrapped_callback(request, *callback_args, **callback_kwargs)
  File "C:\Users\EliteBook\AppData\Local\Programs\Python\Python310\lib\site-packages\django\views\decorators\csrf.py", line 54, in wrapped_view
    return view_func(*args, **kwargs)
  File "C:\Users\EliteBook\AppData\Local\Programs\Python\Python310\lib\site-packages\django\views\generic\base.py", line 103, in view
    return self.dispatch(request, *args, **kwargs)
  File "C:\Users\EliteBook\AppData\Local\Programs\Python\Python310\lib\site-packages\rest_framework\views.py", line 509, in dispatch
    response = self.handle_exception(exc)
  File "C:\Users\EliteBook\AppData\Local\Programs\Python\Python310\lib\site-packages\rest_framework\views.py", line 469, in handle_exception
    self.raise_uncaught_exception(exc)
  File "C:\Users\EliteBook\AppData\Local\Programs\Python\Python310\lib\site-packages\rest_framework\views.py", line 480, in raise_uncaught_exception
    raise exc
  File "C:\Users\EliteBook\AppData\Local\Programs\Python\Python310\lib\site-packages\rest_framework\views.py", line 506, in dispatch
    response = handler(request, *args, **kwargs)
  File "C:\Users\EliteBook\realtor\backend\users\views.py", line 75, in post
    return JsonResponse(context)
  File "C:\Users\EliteBook\AppData\Local\Programs\Python\Python310\lib\site-packages\django\http\response.py", line 691, in __init__
    data = json.dumps(data, cls=encoder, **json_dumps_params)
  File "C:\Users\EliteBook\AppData\Local\Programs\Python\Python310\lib\json\__init__.py", line 238, in dumps
    **kw).encode(obj)
  File "C:\Users\EliteBook\AppData\Local\Programs\Python\Python310\lib\json\encoder.py", line 199, in encode
    chunks = self.iterencode(o, _one_shot=True)
  File "C:\Users\EliteBook\AppData\Local\Programs\Python\Python310\lib\json\encoder.py", line 257, in iterencode
    return _iterencode(o, 0)
  File "C:\Users\EliteBook\AppData\Local\Programs\Python\Python310\lib\site-packages\django\core\serializers\json.py", line 106, in default
    return super().default(o)
  File "C:\Users\EliteBook\AppData\Local\Programs\Python\Python310\lib\json\encoder.py", line 179, in default
    raise TypeError(f'Object of type {o.__class__.__name__} '
TypeError: Object of type FieldFile is not JSON serializable
ERROR 2023-05-28 13:52:31,855 "POST /login/ HTTP/1.1" 500 129199
INFO 2023-05-28 13:54:05,709 C:\Users\EliteBook\realtor\backend\users\views.py changed, reloading.
INFO 2023-05-28 13:54:07,161 Watching for file changes with StatReloader
INFO 2023-05-28 13:54:13,540 "POST /login/ HTTP/1.1" 200 650
INFO 2023-05-28 13:54:13,748 "GET /properties/ HTTP/1.1" 200 3442
INFO 2023-05-28 13:54:13,816 "GET /properties/ HTTP/1.1" 200 3442
INFO 2023-05-28 13:54:13,859 "GET /properties/ HTTP/1.1" 200 3442
INFO 2023-05-28 13:54:46,836 C:\Users\EliteBook\realtor\backend\users\views.py changed, reloading.
INFO 2023-05-28 13:54:48,717 Watching for file changes with StatReloader
INFO 2023-05-28 13:54:56,075 "POST /login/ HTTP/1.1" 200 650
INFO 2023-05-28 13:54:56,251 "GET /properties/ HTTP/1.1" 200 3442
INFO 2023-05-28 13:54:56,357 "GET /properties/ HTTP/1.1" 200 3442
INFO 2023-05-28 13:54:56,428 "GET /properties/ HTTP/1.1" 200 3442
INFO 2023-05-28 14:05:45,364 "GET /properties/ HTTP/1.1" 200 3442
INFO 2023-05-28 14:05:45,414 "GET /properties/ HTTP/1.1" 200 3442
INFO 2023-05-28 14:05:45,497 "GET /properties/ HTTP/1.1" 200 3442
INFO 2023-05-28 14:06:43,909 "POST /login/ HTTP/1.1" 200 650
INFO 2023-05-28 14:07:36,985 C:\Users\EliteBook\realtor\backend\users\views.py changed, reloading.
INFO 2023-05-28 14:07:38,527 Watching for file changes with StatReloader
INFO 2023-05-28 14:07:42,274 C:\Users\EliteBook\realtor\backend\users\views.py changed, reloading.
INFO 2023-05-28 14:07:44,193 Watching for file changes with StatReloader
INFO 2023-05-28 14:07:46,687 "POST /login/ HTTP/1.1" 200 586
INFO 2023-05-28 14:08:21,180 "POST /login/ HTTP/1.1" 200 586
INFO 2023-05-28 14:13:24,118 "POST /login/ HTTP/1.1" 200 586
INFO 2023-05-28 14:13:24,244 "GET /properties/ HTTP/1.1" 200 3442
INFO 2023-05-28 14:13:24,298 "GET /properties/ HTTP/1.1" 200 3442
INFO 2023-05-28 14:13:24,413 "GET /properties/ HTTP/1.1" 200 3442
INFO 2023-05-28 14:13:36,444 "POST /login/ HTTP/1.1" 200 586
INFO 2023-05-28 14:13:36,591 "GET /properties/ HTTP/1.1" 200 3442
INFO 2023-05-28 14:13:36,638 "GET /properties/ HTTP/1.1" 200 3442
INFO 2023-05-28 14:13:36,690 "GET /properties/ HTTP/1.1" 200 3442
INFO 2023-05-28 14:17:18,186 "POST /login/ HTTP/1.1" 200 586
INFO 2023-05-28 14:17:18,298 "GET /properties/ HTTP/1.1" 200 3442
INFO 2023-05-28 14:17:18,469 "GET /properties/ HTTP/1.1" 200 3442
INFO 2023-05-28 14:17:18,528 "GET /properties/ HTTP/1.1" 200 3442
INFO 2023-05-28 14:17:56,004 "POST /login/ HTTP/1.1" 200 586
INFO 2023-05-28 14:17:56,105 "GET /properties/ HTTP/1.1" 200 3442
INFO 2023-05-28 14:17:56,154 "GET /properties/ HTTP/1.1" 200 3442
INFO 2023-05-28 14:17:56,220 "GET /properties/ HTTP/1.1" 200 3442
INFO 2023-05-28 14:23:33,219 "POST /login/ HTTP/1.1" 200 586
INFO 2023-05-28 14:23:33,332 "GET /properties/ HTTP/1.1" 200 3442
INFO 2023-05-28 14:23:33,389 "GET /properties/ HTTP/1.1" 200 3442
INFO 2023-05-28 14:23:33,441 "GET /properties/ HTTP/1.1" 200 3442
INFO 2023-05-28 14:25:16,954 "POST /login/ HTTP/1.1" 200 586
INFO 2023-05-28 14:25:17,099 "GET /properties/ HTTP/1.1" 200 3442
INFO 2023-05-28 14:25:17,173 "GET /properties/ HTTP/1.1" 200 3442
INFO 2023-05-28 14:25:17,431 "GET /properties/ HTTP/1.1" 200 3442
INFO 2023-05-28 14:31:20,882 "GET /properties/ HTTP/1.1" 200 3442
INFO 2023-05-28 14:31:20,939 "GET /properties/ HTTP/1.1" 200 3442
INFO 2023-05-28 14:31:21,948 "GET /properties/ HTTP/1.1" 200 3442
INFO 2023-05-28 14:32:43,609 "GET /properties/ HTTP/1.1" 200 3442
INFO 2023-05-28 14:32:43,656 "GET /properties/ HTTP/1.1" 200 3442
INFO 2023-05-28 14:32:43,687 "GET /properties/ HTTP/1.1" 200 3442
INFO 2023-05-28 14:33:54,710 "GET /properties/ HTTP/1.1" 200 3442
INFO 2023-05-28 14:33:54,792 "GET /properties/ HTTP/1.1" 200 3442
INFO 2023-05-28 14:33:54,833 "GET /properties/ HTTP/1.1" 200 3442
INFO 2023-05-28 14:34:08,962 "POST /login/ HTTP/1.1" 200 586
INFO 2023-05-28 14:34:09,095 "GET /properties/ HTTP/1.1" 200 3442
INFO 2023-05-28 14:34:09,156 "GET /properties/ HTTP/1.1" 200 3442
INFO 2023-05-28 14:34:09,202 "GET /properties/ HTTP/1.1" 200 3442
INFO 2023-05-28 14:35:48,019 "POST /login/ HTTP/1.1" 200 586
INFO 2023-05-28 14:36:27,611 "GET /reaction/ HTTP/1.1" 200 79
INFO 2023-05-28 14:36:45,760 "POST /login/ HTTP/1.1" 200 586
INFO 2023-05-28 14:37:25,020 "GET /reaction/ HTTP/1.1" 200 79
INFO 2023-05-28 14:37:40,903 "POST /login/ HTTP/1.1" 200 586
INFO 2023-05-28 14:38:21,025 "GET /reaction/ HTTP/1.1" 200 79
INFO 2023-05-28 14:41:00,331 "GET /reaction/ HTTP/1.1" 200 79
INFO 2023-05-28 14:41:10,067 "GET /reaction/ HTTP/1.1" 200 79
INFO 2023-05-28 14:41:15,645 "POST /login/ HTTP/1.1" 200 586
INFO 2023-05-28 14:41:15,783 "GET /properties/ HTTP/1.1" 200 3442
INFO 2023-05-28 14:41:15,841 "GET /properties/ HTTP/1.1" 200 3442
INFO 2023-05-28 14:41:15,890 "GET /properties/ HTTP/1.1" 200 3442
INFO 2023-05-28 14:42:58,829 "POST /login/ HTTP/1.1" 200 586
INFO 2023-05-28 14:42:58,972 "GET /properties/ HTTP/1.1" 200 3442
INFO 2023-05-28 14:42:59,028 "GET /properties/ HTTP/1.1" 200 3442
INFO 2023-05-28 14:42:59,120 "GET /properties/ HTTP/1.1" 200 3442
INFO 2023-05-28 14:53:13,126 "GET /properties/ HTTP/1.1" 200 3442
INFO 2023-05-28 14:53:13,157 "GET /properties/ HTTP/1.1" 200 3442
INFO 2023-05-28 14:53:13,189 "GET /properties/ HTTP/1.1" 200 3442
INFO 2023-05-28 14:56:22,836 "GET /properties/ HTTP/1.1" 200 3442
INFO 2023-05-28 14:56:22,880 "GET /properties/ HTTP/1.1" 200 3442
INFO 2023-05-28 14:56:22,920 "GET /properties/ HTTP/1.1" 200 3442
INFO 2023-05-28 14:58:14,208 "POST /login/ HTTP/1.1" 200 586
INFO 2023-05-28 14:58:14,351 "GET /properties/ HTTP/1.1" 200 3442
INFO 2023-05-28 14:58:14,460 "GET /properties/ HTTP/1.1" 200 3442
INFO 2023-05-28 14:58:14,511 "GET /properties/ HTTP/1.1" 200 3442
INFO 2023-05-28 14:59:53,404 "POST /login/ HTTP/1.1" 200 586
INFO 2023-05-28 14:59:53,605 "GET /properties/ HTTP/1.1" 200 3442
INFO 2023-05-28 14:59:53,651 "GET /properties/ HTTP/1.1" 200 3442
INFO 2023-05-28 14:59:53,700 "GET /properties/ HTTP/1.1" 200 3442
INFO 2023-05-28 15:01:22,431 C:\Users\EliteBook\realtor\backend\users\models.py changed, reloading.
INFO 2023-05-28 15:01:24,735 Watching for file changes with StatReloader
INFO 2023-05-28 15:02:19,307 "POST /login/ HTTP/1.1" 200 586
INFO 2023-05-28 15:02:19,460 "GET /properties/ HTTP/1.1" 200 3442
INFO 2023-05-28 15:02:19,577 "GET /properties/ HTTP/1.1" 200 3442
INFO 2023-05-28 15:02:19,626 "GET /properties/ HTTP/1.1" 200 3442
INFO 2023-05-28 15:07:30,138 C:\Users\EliteBook\realtor\backend\users\views.py changed, reloading.
INFO 2023-05-28 15:07:32,187 Watching for file changes with StatReloader
INFO 2023-05-28 15:07:48,681 C:\Users\EliteBook\realtor\backend\users\views.py changed, reloading.
INFO 2023-05-28 15:07:50,264 Watching for file changes with StatReloader
INFO 2023-05-28 15:08:05,125 "POST /login/ HTTP/1.1" 200 586
INFO 2023-05-28 15:08:05,329 "GET /properties/ HTTP/1.1" 200 3442
INFO 2023-05-28 15:08:05,395 "GET /properties/ HTTP/1.1" 200 3442
INFO 2023-05-28 15:08:05,453 "GET /properties/ HTTP/1.1" 200 3442
INFO 2023-05-28 15:10:18,519 "POST /login/ HTTP/1.1" 200 586
INFO 2023-05-28 15:10:18,600 "OPTIONS /properties/ HTTP/1.1" 200 0
INFO 2023-05-28 15:10:18,600 "OPTIONS /properties/ HTTP/1.1" 200 0
INFO 2023-05-28 15:10:18,609 "OPTIONS /properties/ HTTP/1.1" 200 0
INFO 2023-05-28 15:10:18,674 "GET /properties/ HTTP/1.1" 200 3442
INFO 2023-05-28 15:10:18,739 "GET /properties/ HTTP/1.1" 200 3442
INFO 2023-05-28 15:10:18,797 "GET /properties/ HTTP/1.1" 200 3442
INFO 2023-05-28 15:13:24,210 "GET /properties/ HTTP/1.1" 200 3510
INFO 2023-05-28 15:13:24,267 "GET /properties/ HTTP/1.1" 200 3510
INFO 2023-05-28 15:13:24,308 "GET /properties/ HTTP/1.1" 200 3510
INFO 2023-05-28 15:14:04,216 "POST /login/ HTTP/1.1" 200 603
INFO 2023-05-28 15:14:04,363 "GET /properties/ HTTP/1.1" 200 3510
INFO 2023-05-28 15:14:04,460 "GET /properties/ HTTP/1.1" 200 3510
INFO 2023-05-28 15:14:04,580 "GET /properties/ HTTP/1.1" 200 3510
INFO 2023-05-28 15:14:35,096 "GET /properties/ HTTP/1.1" 200 3442
INFO 2023-05-28 15:14:35,158 "GET /properties/ HTTP/1.1" 200 3442
INFO 2023-05-28 15:14:35,234 "GET /properties/ HTTP/1.1" 200 3442
INFO 2023-05-28 15:14:41,721 "POST /login/ HTTP/1.1" 200 586
INFO 2023-05-28 15:14:41,855 "GET /properties/ HTTP/1.1" 200 3442
INFO 2023-05-28 15:14:41,945 "GET /properties/ HTTP/1.1" 200 3442
INFO 2023-05-28 15:14:41,995 "GET /properties/ HTTP/1.1" 200 3442
INFO 2023-05-28 15:18:02,150 "POST /login/ HTTP/1.1" 200 586
INFO 2023-05-28 15:18:02,297 "GET /properties/ HTTP/1.1" 200 3442
INFO 2023-05-28 15:18:02,389 "GET /properties/ HTTP/1.1" 200 3442
INFO 2023-05-28 15:18:02,458 "GET /properties/ HTTP/1.1" 200 3442
INFO 2023-05-28 15:21:56,644 C:\Users\EliteBook\realtor\backend\users\models.py changed, reloading.
INFO 2023-05-28 15:21:58,482 Watching for file changes with StatReloader
INFO 2023-05-28 15:22:10,466 C:\Users\EliteBook\realtor\backend\users\models.py changed, reloading.
INFO 2023-05-28 15:22:12,000 Watching for file changes with StatReloader
INFO 2023-05-28 15:23:01,817 C:\Users\EliteBook\realtor\backend\users\models.py changed, reloading.
INFO 2023-05-28 15:23:04,109 Watching for file changes with StatReloader
INFO 2023-05-28 15:23:12,036 C:\Users\EliteBook\realtor\backend\users\models.py changed, reloading.
INFO 2023-05-28 15:23:13,711 Watching for file changes with StatReloader
INFO 2023-05-28 15:24:09,315 "POST /login/ HTTP/1.1" 200 586
INFO 2023-05-28 15:24:09,501 "GET /properties/ HTTP/1.1" 200 3442
INFO 2023-05-28 15:24:09,575 "GET /properties/ HTTP/1.1" 200 3442
INFO 2023-05-28 15:24:09,644 "GET /properties/ HTTP/1.1" 200 3442
INFO 2023-05-28 15:26:52,767 "POST /login/ HTTP/1.1" 200 586
INFO 2023-05-28 15:26:52,994 "GET /properties/ HTTP/1.1" 200 3442
INFO 2023-05-28 15:26:53,086 "GET /properties/ HTTP/1.1" 200 3442
INFO 2023-05-28 15:26:53,134 "GET /properties/ HTTP/1.1" 200 3442
INFO 2023-05-28 15:28:14,886 "GET /media/users/passports/logo.png HTTP/1.1" 200 3422
INFO 2023-05-28 15:28:20,823 "POST /login/ HTTP/1.1" 200 586
INFO 2023-05-28 15:28:20,998 "GET /properties/ HTTP/1.1" 200 3442
INFO 2023-05-28 15:28:21,063 "GET /properties/ HTTP/1.1" 200 3442
INFO 2023-05-28 15:28:21,123 "GET /properties/ HTTP/1.1" 200 3442
INFO 2023-05-28 15:33:30,924 "OPTIONS /login/ HTTP/1.1" 200 0
INFO 2023-05-28 15:33:31,655 "POST /login/ HTTP/1.1" 200 588
INFO 2023-05-28 15:33:31,821 "GET /media/users/passports/image1.png HTTP/1.1" 200 150031
INFO 2023-05-28 15:33:31,916 "GET /properties/ HTTP/1.1" 200 3450
INFO 2023-05-28 15:33:31,976 "GET /properties/ HTTP/1.1" 200 3450
INFO 2023-05-28 15:33:32,032 "GET /properties/ HTTP/1.1" 200 3450
INFO 2023-05-28 15:34:28,981 "GET /properties/ HTTP/1.1" 200 3450
INFO 2023-05-28 15:34:29,058 "GET /properties/ HTTP/1.1" 200 3450
INFO 2023-05-28 15:34:29,154 "GET /properties/ HTTP/1.1" 200 3450
INFO 2023-05-28 15:50:06,591 Watching for file changes with StatReloader
INFO 2023-05-28 15:50:15,995 "POST /login/ HTTP/1.1" 200 588
INFO 2023-05-28 15:50:16,190 "GET /properties/ HTTP/1.1" 200 3450
INFO 2023-05-28 15:50:16,399 "GET /properties/ HTTP/1.1" 200 3450
INFO 2023-05-28 15:50:16,534 "GET /properties/ HTTP/1.1" 200 3450
INFO 2023-05-28 16:04:09,378 "GET /properties/ HTTP/1.1" 200 3450
INFO 2023-05-28 16:04:09,484 "GET /properties/ HTTP/1.1" 200 3450
INFO 2023-05-28 16:04:09,563 "GET /properties/ HTTP/1.1" 200 3450
INFO 2023-05-28 16:04:21,638 "POST /login/ HTTP/1.1" 200 588
INFO 2023-05-28 16:04:21,756 "GET /properties/ HTTP/1.1" 200 3450
INFO 2023-05-28 16:04:21,865 "GET /properties/ HTTP/1.1" 200 3450
INFO 2023-05-28 16:04:21,945 "GET /properties/ HTTP/1.1" 200 3450
INFO 2023-05-28 16:04:26,430 "GET /properties/ HTTP/1.1" 200 3450
INFO 2023-05-28 16:04:26,499 "GET /properties/ HTTP/1.1" 200 3450
INFO 2023-05-28 16:04:26,555 "GET /properties/ HTTP/1.1" 200 3450
INFO 2023-05-28 16:04:36,549 "POST /login/ HTTP/1.1" 200 588
INFO 2023-05-28 16:04:36,697 "GET /properties/ HTTP/1.1" 200 3450
INFO 2023-05-28 16:04:36,772 "GET /properties/ HTTP/1.1" 200 3450
INFO 2023-05-28 16:04:36,824 "GET /properties/ HTTP/1.1" 200 3450
INFO 2023-05-28 16:40:40,490 "GET /properties/ HTTP/1.1" 200 3450
INFO 2023-05-28 16:40:40,562 "GET /properties/ HTTP/1.1" 200 3450
INFO 2023-05-28 16:40:40,635 "GET /properties/ HTTP/1.1" 200 3450
INFO 2023-05-28 16:43:22,163 "GET /properties/ HTTP/1.1" 200 3450
INFO 2023-05-28 16:43:22,233 "GET /properties/ HTTP/1.1" 200 3450
INFO 2023-05-28 16:43:22,279 "GET /properties/ HTTP/1.1" 200 3450
INFO 2023-05-28 16:43:47,940 "GET /properties/ HTTP/1.1" 200 3450
INFO 2023-05-28 16:43:48,005 "GET /properties/ HTTP/1.1" 200 3450
INFO 2023-05-28 16:43:48,072 "GET /properties/ HTTP/1.1" 200 3450
INFO 2023-05-28 16:43:48,260 "GET /properties/ HTTP/1.1" 200 3450
INFO 2023-05-28 16:43:48,319 "GET /properties/ HTTP/1.1" 200 3450
INFO 2023-05-28 16:43:48,413 "GET /properties/ HTTP/1.1" 200 3450
INFO 2023-05-28 16:44:53,694 "GET /properties/ HTTP/1.1" 200 3450
INFO 2023-05-28 16:44:53,849 "GET /properties/ HTTP/1.1" 200 3450
INFO 2023-05-28 16:44:53,962 "GET /properties/ HTTP/1.1" 200 3450
INFO 2023-05-28 16:44:59,428 "GET /properties/ HTTP/1.1" 200 3450
INFO 2023-05-28 16:44:59,492 "GET /properties/ HTTP/1.1" 200 3450
INFO 2023-05-28 16:44:59,579 "GET /properties/ HTTP/1.1" 200 3450
INFO 2023-05-28 16:45:54,738 "GET /properties/ HTTP/1.1" 200 3450
INFO 2023-05-28 16:45:54,785 "GET /properties/ HTTP/1.1" 200 3450
INFO 2023-05-28 16:45:54,897 "GET /properties/ HTTP/1.1" 200 3450
INFO 2023-05-28 16:49:49,073 "GET /properties/ HTTP/1.1" 200 3450
INFO 2023-05-28 16:49:49,122 "GET /properties/ HTTP/1.1" 200 3450
INFO 2023-05-28 16:49:49,289 "GET /properties/ HTTP/1.1" 200 3450
INFO 2023-05-28 16:50:50,721 "GET /properties/ HTTP/1.1" 200 3450
INFO 2023-05-28 16:50:50,819 "GET /properties/ HTTP/1.1" 200 3450
INFO 2023-05-28 16:50:50,893 "GET /properties/ HTTP/1.1" 200 3450
INFO 2023-05-28 16:54:18,894 "GET /properties/ HTTP/1.1" 200 3450
INFO 2023-05-28 16:54:18,972 "GET /properties/ HTTP/1.1" 200 3450
INFO 2023-05-28 16:54:19,047 "GET /properties/ HTTP/1.1" 200 3450
INFO 2023-05-28 16:54:27,200 "GET /properties/ HTTP/1.1" 200 3450
INFO 2023-05-28 16:54:27,308 "GET /properties/ HTTP/1.1" 200 3450
INFO 2023-05-28 16:54:27,457 "GET /properties/ HTTP/1.1" 200 3450
INFO 2023-05-28 16:54:40,284 "GET /properties/ HTTP/1.1" 200 3450
INFO 2023-05-28 16:54:40,394 "GET /properties/ HTTP/1.1" 200 3450
INFO 2023-05-28 16:54:40,447 "GET /properties/ HTTP/1.1" 200 3450
INFO 2023-05-28 16:54:49,772 "GET /properties/ HTTP/1.1" 200 3450
INFO 2023-05-28 16:54:49,859 "GET /properties/ HTTP/1.1" 200 3450
INFO 2023-05-28 16:54:49,937 "GET /properties/ HTTP/1.1" 200 3450
INFO 2023-05-28 16:58:31,453 "GET /properties/ HTTP/1.1" 200 3450
INFO 2023-05-28 16:58:31,508 "GET /properties/ HTTP/1.1" 200 3450
INFO 2023-05-28 16:58:31,649 "GET /properties/ HTTP/1.1" 200 3450
INFO 2023-05-28 16:59:08,372 "GET /properties/ HTTP/1.1" 200 3450
INFO 2023-05-28 16:59:08,428 "GET /properties/ HTTP/1.1" 200 3450
INFO 2023-05-28 16:59:08,552 "GET /properties/ HTTP/1.1" 200 3450
INFO 2023-05-28 16:59:59,298 "GET /properties/ HTTP/1.1" 200 3450
INFO 2023-05-28 16:59:59,382 "GET /properties/ HTTP/1.1" 200 3450
INFO 2023-05-28 16:59:59,457 "GET /properties/ HTTP/1.1" 200 3450
INFO 2023-05-28 17:00:01,331 "GET /properties/ HTTP/1.1" 200 3450
INFO 2023-05-28 17:00:01,448 "GET /properties/ HTTP/1.1" 200 3450
INFO 2023-05-28 17:00:01,493 "GET /properties/ HTTP/1.1" 200 3450
INFO 2023-05-28 17:01:14,194 "GET /properties/ HTTP/1.1" 200 3450
INFO 2023-05-28 17:01:14,258 "GET /properties/ HTTP/1.1" 200 3450
INFO 2023-05-28 17:01:14,306 "GET /properties/ HTTP/1.1" 200 3450
INFO 2023-05-28 17:13:39,869 "OPTIONS /properties/ HTTP/1.1" 200 0
INFO 2023-05-28 17:13:39,967 "GET /properties/ HTTP/1.1" 200 3450
INFO 2023-05-28 17:13:40,024 "OPTIONS /properties/ HTTP/1.1" 200 0
INFO 2023-05-28 17:13:40,163 "OPTIONS /properties/ HTTP/1.1" 200 0
INFO 2023-05-28 17:13:40,278 "GET /properties/ HTTP/1.1" 200 3450
INFO 2023-05-28 17:13:40,339 "GET /properties/ HTTP/1.1" 200 3450
INFO 2023-05-28 17:14:13,712 "GET /properties/ HTTP/1.1" 200 3450
INFO 2023-05-28 17:14:13,754 "GET /properties/ HTTP/1.1" 200 3450
INFO 2023-05-28 17:14:13,816 "GET /properties/ HTTP/1.1" 200 3450
INFO 2023-05-28 17:21:02,069 "GET /properties/ HTTP/1.1" 200 3450
INFO 2023-05-28 17:21:02,135 "GET /properties/ HTTP/1.1" 200 3450
INFO 2023-05-28 17:21:02,189 "GET /properties/ HTTP/1.1" 200 3450
INFO 2023-05-28 17:23:11,860 "GET /properties/ HTTP/1.1" 200 3450
INFO 2023-05-28 17:23:11,915 "GET /properties/ HTTP/1.1" 200 3450
INFO 2023-05-28 17:23:11,985 "GET /properties/ HTTP/1.1" 200 3450
INFO 2023-05-28 17:24:14,765 "GET /properties/ HTTP/1.1" 200 3450
INFO 2023-05-28 17:24:14,839 "GET /properties/ HTTP/1.1" 200 3450
INFO 2023-05-28 17:24:15,021 "GET /properties/ HTTP/1.1" 200 3450
INFO 2023-05-28 17:24:37,148 "GET /properties/ HTTP/1.1" 200 3450
INFO 2023-05-28 17:24:37,235 "GET /properties/ HTTP/1.1" 200 3450
INFO 2023-05-28 17:24:37,355 "GET /properties/ HTTP/1.1" 200 3450
INFO 2023-05-28 17:28:33,761 "GET /properties/ HTTP/1.1" 200 3450
INFO 2023-05-28 17:28:33,897 "GET /properties/ HTTP/1.1" 200 3450
INFO 2023-05-28 17:28:33,986 "GET /properties/ HTTP/1.1" 200 3450
WARNING 2023-05-28 17:28:48,995 Not Found: /posts
WARNING 2023-05-28 17:28:48,996 "POST /posts HTTP/1.1" 404 4575
INFO 2023-05-28 17:29:46,465 C:\Users\EliteBook\realtor\backend\backend\urls.py changed, reloading.
INFO 2023-05-28 17:29:49,441 Watching for file changes with StatReloader
INFO 2023-05-28 17:29:56,105 C:\Users\EliteBook\realtor\backend\backend\urls.py changed, reloading.
INFO 2023-05-28 17:29:57,582 Watching for file changes with StatReloader
INFO 2023-05-28 17:30:03,646 C:\Users\EliteBook\realtor\backend\backend\urls.py changed, reloading.
INFO 2023-05-28 17:30:05,773 Watching for file changes with StatReloader
INFO 2023-05-28 17:30:09,510 C:\Users\EliteBook\realtor\backend\backend\urls.py changed, reloading.
INFO 2023-05-28 17:30:11,409 Watching for file changes with StatReloader
INFO 2023-05-28 17:30:15,135 C:\Users\EliteBook\realtor\backend\backend\urls.py changed, reloading.
INFO 2023-05-28 17:30:17,011 Watching for file changes with StatReloader
INFO 2023-05-28 17:30:20,667 C:\Users\EliteBook\realtor\backend\backend\urls.py changed, reloading.
INFO 2023-05-28 17:30:22,225 Watching for file changes with StatReloader
INFO 2023-05-28 17:30:26,542 C:\Users\EliteBook\realtor\backend\backend\urls.py changed, reloading.
INFO 2023-05-28 17:30:28,122 Watching for file changes with StatReloader
INFO 2023-05-28 17:30:45,895 C:\Users\EliteBook\realtor\backend\properties\views.py changed, reloading.
INFO 2023-05-28 17:30:47,672 Watching for file changes with StatReloader
INFO 2023-05-28 17:30:52,635 C:\Users\EliteBook\realtor\backend\properties\views.py changed, reloading.
INFO 2023-05-28 17:30:54,605 Watching for file changes with StatReloader
INFO 2023-05-28 17:30:59,018 C:\Users\EliteBook\realtor\backend\properties\views.py changed, reloading.
INFO 2023-05-28 17:31:00,491 Watching for file changes with StatReloader
INFO 2023-05-28 17:31:19,530 C:\Users\EliteBook\realtor\backend\properties\views.py changed, reloading.
INFO 2023-05-28 17:31:22,299 Watching for file changes with StatReloader
INFO 2023-05-28 17:31:26,720 C:\Users\EliteBook\realtor\backend\properties\views.py changed, reloading.
INFO 2023-05-28 17:31:28,100 Watching for file changes with StatReloader
INFO 2023-05-28 17:31:33,141 C:\Users\EliteBook\realtor\backend\properties\views.py changed, reloading.
INFO 2023-05-28 17:31:34,506 Watching for file changes with StatReloader
INFO 2023-05-28 17:31:37,964 C:\Users\EliteBook\realtor\backend\properties\views.py changed, reloading.
INFO 2023-05-28 17:31:40,158 Watching for file changes with StatReloader
INFO 2023-05-28 17:31:45,471 C:\Users\EliteBook\realtor\backend\properties\views.py changed, reloading.
INFO 2023-05-28 17:31:47,311 Watching for file changes with StatReloader
INFO 2023-05-28 17:31:59,368 C:\Users\EliteBook\realtor\backend\properties\views.py changed, reloading.
INFO 2023-05-28 17:32:01,527 Watching for file changes with StatReloader
INFO 2023-05-28 17:32:09,704 C:\Users\EliteBook\realtor\backend\properties\views.py changed, reloading.
INFO 2023-05-28 17:32:11,183 Watching for file changes with StatReloader
INFO 2023-05-28 17:32:19,171 C:\Users\EliteBook\realtor\backend\properties\views.py changed, reloading.
INFO 2023-05-28 17:32:20,706 Watching for file changes with StatReloader
INFO 2023-05-28 17:32:23,970 C:\Users\EliteBook\realtor\backend\properties\views.py changed, reloading.
INFO 2023-05-28 17:32:25,722 Watching for file changes with StatReloader
INFO 2023-05-28 17:33:39,115 C:\Users\EliteBook\realtor\backend\properties\views.py changed, reloading.
INFO 2023-05-28 17:33:45,949 Watching for file changes with StatReloader
INFO 2023-05-28 17:35:55,540 Watching for file changes with StatReloader
INFO 2023-05-28 17:36:17,011 Watching for file changes with StatReloader
INFO 2023-05-28 17:36:25,479 "GET /properties/ HTTP/1.1" 200 3450
INFO 2023-05-28 17:36:25,594 "GET /properties/ HTTP/1.1" 200 3450
INFO 2023-05-28 17:36:25,668 "GET /properties/ HTTP/1.1" 200 3450
ERROR 2023-05-28 17:36:39,384 Internal Server Error: /posts
Traceback (most recent call last):
  File "C:\Users\EliteBook\AppData\Local\Programs\Python\Python310\lib\site-packages\django\core\handlers\exception.py", line 55, in inner
    response = get_response(request)
  File "C:\Users\EliteBook\AppData\Local\Programs\Python\Python310\lib\site-packages\django\utils\deprecation.py", line 135, in __call__
    response = self.process_request(request)
  File "C:\Users\EliteBook\AppData\Local\Programs\Python\Python310\lib\site-packages\django\middleware\common.py", line 54, in process_request
    path = self.get_full_path_with_slash(request)
  File "C:\Users\EliteBook\AppData\Local\Programs\Python\Python310\lib\site-packages\django\middleware\common.py", line 88, in get_full_path_with_slash
    raise RuntimeError(
RuntimeError: You called this URL via POST, but the URL doesn't end in a slash and you have APPEND_SLASH set. Django can't redirect to the slash URL while maintaining POST data. Change your form to point to 127.0.0.1:8000/posts/ (note the trailing slash), or set APPEND_SLASH=False in your Django settings.
ERROR 2023-05-28 17:36:39,386 "POST /posts HTTP/1.1" 500 74091
INFO 2023-05-28 17:37:45,982 C:\Users\EliteBook\realtor\backend\backend\urls.py changed, reloading.
INFO 2023-05-28 17:37:47,704 Watching for file changes with StatReloader
INFO 2023-05-28 17:37:53,961 "GET /properties/ HTTP/1.1" 200 3450
INFO 2023-05-28 17:37:54,111 "GET /properties/ HTTP/1.1" 200 3450
INFO 2023-05-28 17:37:54,219 "GET /properties/ HTTP/1.1" 200 3450
INFO 2023-05-28 17:37:56,201 "GET /properties/ HTTP/1.1" 200 3450
INFO 2023-05-28 17:37:56,321 "GET /properties/ HTTP/1.1" 200 3450
INFO 2023-05-28 17:37:56,394 "GET /properties/ HTTP/1.1" 200 3450
INFO 2023-05-28 17:37:57,202 "GET /properties/ HTTP/1.1" 200 3450
INFO 2023-05-28 17:37:57,325 "GET /properties/ HTTP/1.1" 200 3450
INFO 2023-05-28 17:37:57,371 "GET /properties/ HTTP/1.1" 200 3450
ERROR 2023-05-28 17:38:08,567 Internal Server Error: /posts
Traceback (most recent call last):
  File "C:\Users\EliteBook\AppData\Local\Programs\Python\Python310\lib\site-packages\django\core\handlers\exception.py", line 55, in inner
    response = get_response(request)
  File "C:\Users\EliteBook\AppData\Local\Programs\Python\Python310\lib\site-packages\django\utils\deprecation.py", line 135, in __call__
    response = self.process_request(request)
  File "C:\Users\EliteBook\AppData\Local\Programs\Python\Python310\lib\site-packages\django\middleware\common.py", line 54, in process_request
    path = self.get_full_path_with_slash(request)
  File "C:\Users\EliteBook\AppData\Local\Programs\Python\Python310\lib\site-packages\django\middleware\common.py", line 88, in get_full_path_with_slash
    raise RuntimeError(
RuntimeError: You called this URL via POST, but the URL doesn't end in a slash and you have APPEND_SLASH set. Django can't redirect to the slash URL while maintaining POST data. Change your form to point to 127.0.0.1:8000/posts/ (note the trailing slash), or set APPEND_SLASH=False in your Django settings.
ERROR 2023-05-28 17:38:08,570 "POST /posts HTTP/1.1" 500 74091
INFO 2023-05-28 17:39:04,767 "GET /posts HTTP/1.1" 301 0
INFO 2023-05-28 17:39:06,427 "GET /posts/ HTTP/1.1" 200 32326
INFO 2023-05-28 17:39:06,961 "GET /static/rest_framework/css/bootstrap.min.css HTTP/1.1" 200 121457
INFO 2023-05-28 17:39:07,031 "GET /static/rest_framework/css/bootstrap-tweaks.css HTTP/1.1" 200 3385
INFO 2023-05-28 17:39:07,075 "GET /static/rest_framework/css/prettify.css HTTP/1.1" 200 817
INFO 2023-05-28 17:39:07,154 "GET /static/rest_framework/js/csrf.js HTTP/1.1" 200 1719
INFO 2023-05-28 17:39:07,208 "GET /static/rest_framework/js/bootstrap.min.js HTTP/1.1" 200 39680
INFO 2023-05-28 17:39:07,212 "GET /static/rest_framework/css/default.css HTTP/1.1" 200 1152
INFO 2023-05-28 17:39:07,222 "GET /static/rest_framework/js/prettify-min.js HTTP/1.1" 200 13632
INFO 2023-05-28 17:39:07,249 "GET /static/rest_framework/img/grid.png HTTP/1.1" 200 1458
INFO 2023-05-28 17:39:07,260 "GET /static/rest_framework/js/default.js HTTP/1.1" 200 1268
INFO 2023-05-28 17:39:07,280 "GET /static/rest_framework/js/ajax-form.js HTTP/1.1" 200 3597
INFO 2023-05-28 17:39:07,304 "GET /static/rest_framework/js/jquery-3.5.1.min.js HTTP/1.1" 200 89476
INFO 2023-05-28 17:39:33,851 "GET /posts/ HTTP/1.1" 200 32326
ERROR 2023-05-28 17:40:13,063 Internal Server Error: /posts/
Traceback (most recent call last):
  File "C:\Users\EliteBook\AppData\Local\Programs\Python\Python310\lib\site-packages\django\core\handlers\exception.py", line 55, in inner
    response = get_response(request)
  File "C:\Users\EliteBook\AppData\Local\Programs\Python\Python310\lib\site-packages\django\core\handlers\base.py", line 197, in _get_response
    response = wrapped_callback(request, *callback_args, **callback_kwargs)
  File "C:\Users\EliteBook\AppData\Local\Programs\Python\Python310\lib\site-packages\django\views\decorators\csrf.py", line 54, in wrapped_view
    return view_func(*args, **kwargs)
  File "C:\Users\EliteBook\AppData\Local\Programs\Python\Python310\lib\site-packages\django\views\generic\base.py", line 103, in view
    return self.dispatch(request, *args, **kwargs)
  File "C:\Users\EliteBook\AppData\Local\Programs\Python\Python310\lib\site-packages\rest_framework\views.py", line 509, in dispatch
    response = self.handle_exception(exc)
  File "C:\Users\EliteBook\AppData\Local\Programs\Python\Python310\lib\site-packages\rest_framework\views.py", line 469, in handle_exception
    self.raise_uncaught_exception(exc)
  File "C:\Users\EliteBook\AppData\Local\Programs\Python\Python310\lib\site-packages\rest_framework\views.py", line 480, in raise_uncaught_exception
    raise exc
  File "C:\Users\EliteBook\AppData\Local\Programs\Python\Python310\lib\site-packages\rest_framework\views.py", line 506, in dispatch
    response = handler(request, *args, **kwargs)
  File "C:\Users\EliteBook\realtor\backend\properties\views.py", line 45, in post
    data = json.loads(request.body.decode('utf-8'))
  File "C:\Users\EliteBook\AppData\Local\Programs\Python\Python310\lib\json\__init__.py", line 346, in loads
    return _default_decoder.decode(s)
  File "C:\Users\EliteBook\AppData\Local\Programs\Python\Python310\lib\json\decoder.py", line 337, in decode
    obj, end = self.raw_decode(s, idx=_w(s, 0).end())
  File "C:\Users\EliteBook\AppData\Local\Programs\Python\Python310\lib\json\decoder.py", line 355, in raw_decode
    raise JSONDecodeError("Expecting value", s, err.value) from None
json.decoder.JSONDecodeError: Expecting value: line 1 column 1 (char 0)
ERROR 2023-05-28 17:40:13,070 "POST /posts/ HTTP/1.1" 500 121219
INFO 2023-05-28 17:40:26,637 "GET /posts/ HTTP/1.1" 200 32326
INFO 2023-05-28 17:41:20,260 "GET /properties/ HTTP/1.1" 200 3450
INFO 2023-05-28 17:41:20,318 "GET /properties/ HTTP/1.1" 200 3450
INFO 2023-05-28 17:41:20,411 "GET /properties/ HTTP/1.1" 200 3450
ERROR 2023-05-28 17:41:31,382 Internal Server Error: /posts/
Traceback (most recent call last):
  File "C:\Users\EliteBook\AppData\Local\Programs\Python\Python310\lib\site-packages\django\core\handlers\exception.py", line 55, in inner
    response = get_response(request)
  File "C:\Users\EliteBook\AppData\Local\Programs\Python\Python310\lib\site-packages\django\core\handlers\base.py", line 197, in _get_response
    response = wrapped_callback(request, *callback_args, **callback_kwargs)
  File "C:\Users\EliteBook\AppData\Local\Programs\Python\Python310\lib\site-packages\django\views\decorators\csrf.py", line 54, in wrapped_view
    return view_func(*args, **kwargs)
  File "C:\Users\EliteBook\AppData\Local\Programs\Python\Python310\lib\site-packages\django\views\generic\base.py", line 103, in view
    return self.dispatch(request, *args, **kwargs)
  File "C:\Users\EliteBook\AppData\Local\Programs\Python\Python310\lib\site-packages\rest_framework\views.py", line 509, in dispatch
    response = self.handle_exception(exc)
  File "C:\Users\EliteBook\AppData\Local\Programs\Python\Python310\lib\site-packages\rest_framework\views.py", line 469, in handle_exception
    self.raise_uncaught_exception(exc)
  File "C:\Users\EliteBook\AppData\Local\Programs\Python\Python310\lib\site-packages\rest_framework\views.py", line 480, in raise_uncaught_exception
    raise exc
  File "C:\Users\EliteBook\AppData\Local\Programs\Python\Python310\lib\site-packages\rest_framework\views.py", line 506, in dispatch
    response = handler(request, *args, **kwargs)
  File "C:\Users\EliteBook\realtor\backend\properties\views.py", line 45, in post
    data = json.loads(request.body.decode('utf-8'))
UnicodeDecodeError: 'utf-8' codec can't decode byte 0x89 in position 245: invalid start byte
ERROR 2023-05-28 17:41:31,386 "POST /posts/ HTTP/1.1" 500 107552
INFO 2023-05-28 17:44:16,281 "GET /properties/ HTTP/1.1" 200 3450
INFO 2023-05-28 17:44:16,330 "GET /properties/ HTTP/1.1" 200 3450
INFO 2023-05-28 17:44:16,417 "GET /properties/ HTTP/1.1" 200 3450
ERROR 2023-05-28 17:44:28,508 Internal Server Error: /posts
Traceback (most recent call last):
  File "C:\Users\EliteBook\AppData\Local\Programs\Python\Python310\lib\site-packages\django\core\handlers\exception.py", line 55, in inner
    response = get_response(request)
  File "C:\Users\EliteBook\AppData\Local\Programs\Python\Python310\lib\site-packages\django\utils\deprecation.py", line 135, in __call__
    response = self.process_request(request)
  File "C:\Users\EliteBook\AppData\Local\Programs\Python\Python310\lib\site-packages\django\middleware\common.py", line 54, in process_request
    path = self.get_full_path_with_slash(request)
  File "C:\Users\EliteBook\AppData\Local\Programs\Python\Python310\lib\site-packages\django\middleware\common.py", line 88, in get_full_path_with_slash
    raise RuntimeError(
RuntimeError: You called this URL via POST, but the URL doesn't end in a slash and you have APPEND_SLASH set. Django can't redirect to the slash URL while maintaining POST data. Change your form to point to 127.0.0.1:8000/posts/ (note the trailing slash), or set APPEND_SLASH=False in your Django settings.
ERROR 2023-05-28 17:44:28,510 "POST /posts HTTP/1.1" 500 74091
INFO 2023-05-28 17:44:47,974 "GET /properties/ HTTP/1.1" 200 3450
INFO 2023-05-28 17:44:48,258 "GET /properties/ HTTP/1.1" 200 3450
INFO 2023-05-28 17:44:48,905 "GET /properties/ HTTP/1.1" 200 3450
ERROR 2023-05-28 17:45:01,776 Internal Server Error: /posts/
Traceback (most recent call last):
  File "C:\Users\EliteBook\AppData\Local\Programs\Python\Python310\lib\site-packages\django\core\handlers\exception.py", line 55, in inner
    response = get_response(request)
  File "C:\Users\EliteBook\AppData\Local\Programs\Python\Python310\lib\site-packages\django\core\handlers\base.py", line 197, in _get_response
    response = wrapped_callback(request, *callback_args, **callback_kwargs)
  File "C:\Users\EliteBook\AppData\Local\Programs\Python\Python310\lib\site-packages\django\views\decorators\csrf.py", line 54, in wrapped_view
    return view_func(*args, **kwargs)
  File "C:\Users\EliteBook\AppData\Local\Programs\Python\Python310\lib\site-packages\django\views\generic\base.py", line 103, in view
    return self.dispatch(request, *args, **kwargs)
  File "C:\Users\EliteBook\AppData\Local\Programs\Python\Python310\lib\site-packages\rest_framework\views.py", line 509, in dispatch
    response = self.handle_exception(exc)
  File "C:\Users\EliteBook\AppData\Local\Programs\Python\Python310\lib\site-packages\rest_framework\views.py", line 469, in handle_exception
    self.raise_uncaught_exception(exc)
  File "C:\Users\EliteBook\AppData\Local\Programs\Python\Python310\lib\site-packages\rest_framework\views.py", line 480, in raise_uncaught_exception
    raise exc
  File "C:\Users\EliteBook\AppData\Local\Programs\Python\Python310\lib\site-packages\rest_framework\views.py", line 506, in dispatch
    response = handler(request, *args, **kwargs)
  File "C:\Users\EliteBook\realtor\backend\properties\views.py", line 45, in post
    data = json.loads(request.body.decode('utf-8'))
UnicodeDecodeError: 'utf-8' codec can't decode byte 0x89 in position 259: invalid start byte
ERROR 2023-05-28 17:45:01,777 "POST /posts/ HTTP/1.1" 500 108299
INFO 2023-05-28 17:47:31,514 C:\Users\EliteBook\realtor\backend\properties\views.py changed, reloading.
INFO 2023-05-28 17:47:35,340 Watching for file changes with StatReloader
INFO 2023-05-28 17:47:41,961 C:\Users\EliteBook\realtor\backend\properties\views.py changed, reloading.
INFO 2023-05-28 17:47:43,921 Watching for file changes with StatReloader
INFO 2023-05-28 17:47:50,767 C:\Users\EliteBook\realtor\backend\properties\views.py changed, reloading.
INFO 2023-05-28 17:47:52,467 Watching for file changes with StatReloader
INFO 2023-05-28 17:47:59,380 "GET /properties/ HTTP/1.1" 200 3450
INFO 2023-05-28 17:47:59,442 "GET /properties/ HTTP/1.1" 200 3450
INFO 2023-05-28 17:47:59,526 "GET /properties/ HTTP/1.1" 200 3450
INFO 2023-05-28 17:48:10,128 "POST /posts/ HTTP/1.1" 201 26
INFO 2023-05-28 17:49:44,096 C:\Users\EliteBook\realtor\backend\properties\views.py changed, reloading.
INFO 2023-05-28 17:49:46,000 Watching for file changes with StatReloader
INFO 2023-05-28 17:49:57,356 C:\Users\EliteBook\realtor\backend\properties\views.py changed, reloading.
INFO 2023-05-28 17:49:59,600 Watching for file changes with StatReloader
INFO 2023-05-28 17:50:03,367 C:\Users\EliteBook\realtor\backend\properties\views.py changed, reloading.
INFO 2023-05-28 17:50:04,677 Watching for file changes with StatReloader
INFO 2023-05-28 17:50:09,263 C:\Users\EliteBook\realtor\backend\properties\views.py changed, reloading.
INFO 2023-05-28 17:50:10,907 Watching for file changes with StatReloader
INFO 2023-05-28 17:50:15,525 C:\Users\EliteBook\realtor\backend\properties\views.py changed, reloading.
INFO 2023-05-28 17:50:17,037 Watching for file changes with StatReloader
INFO 2023-05-28 17:50:23,494 C:\Users\EliteBook\realtor\backend\properties\views.py changed, reloading.
INFO 2023-05-28 17:50:25,896 Watching for file changes with StatReloader
INFO 2023-05-28 17:50:50,076 C:\Users\EliteBook\realtor\backend\properties\models.py changed, reloading.
INFO 2023-05-28 17:50:52,496 Watching for file changes with StatReloader
INFO 2023-05-28 17:51:02,264 C:\Users\EliteBook\realtor\backend\properties\models.py changed, reloading.
INFO 2023-05-28 17:51:03,706 Watching for file changes with StatReloader
INFO 2023-05-28 17:51:10,715 C:\Users\EliteBook\realtor\backend\properties\models.py changed, reloading.
INFO 2023-05-28 17:51:12,359 Watching for file changes with StatReloader
INFO 2023-05-28 17:51:17,457 C:\Users\EliteBook\realtor\backend\properties\models.py changed, reloading.
INFO 2023-05-28 17:51:18,726 Watching for file changes with StatReloader
INFO 2023-05-28 17:51:24,998 C:\Users\EliteBook\realtor\backend\properties\models.py changed, reloading.
INFO 2023-05-28 17:51:26,640 Watching for file changes with StatReloader
INFO 2023-05-28 17:51:32,209 C:\Users\EliteBook\realtor\backend\properties\models.py changed, reloading.
INFO 2023-05-28 17:51:34,916 Watching for file changes with StatReloader
INFO 2023-05-28 17:51:41,630 C:\Users\EliteBook\realtor\backend\properties\models.py changed, reloading.
INFO 2023-05-28 17:51:43,676 Watching for file changes with StatReloader
INFO 2023-05-28 17:51:48,249 C:\Users\EliteBook\realtor\backend\properties\models.py changed, reloading.
INFO 2023-05-28 17:51:49,911 Watching for file changes with StatReloader
INFO 2023-05-28 17:52:11,657 C:\Users\EliteBook\realtor\backend\properties\models.py changed, reloading.
INFO 2023-05-28 17:52:13,786 Watching for file changes with StatReloader
INFO 2023-05-28 17:52:59,329 C:\Users\EliteBook\realtor\backend\properties\models.py changed, reloading.
INFO 2023-05-28 17:53:01,009 Watching for file changes with StatReloader
INFO 2023-05-28 17:53:06,500 C:\Users\EliteBook\realtor\backend\properties\models.py changed, reloading.
INFO 2023-05-28 17:53:08,041 Watching for file changes with StatReloader
INFO 2023-05-28 17:53:14,315 C:\Users\EliteBook\realtor\backend\properties\models.py changed, reloading.
INFO 2023-05-28 17:53:15,813 Watching for file changes with StatReloader
INFO 2023-05-28 17:53:20,359 C:\Users\EliteBook\realtor\backend\properties\models.py changed, reloading.
INFO 2023-05-28 17:53:22,072 Watching for file changes with StatReloader
INFO 2023-05-28 17:53:30,025 C:\Users\EliteBook\realtor\backend\properties\models.py changed, reloading.
INFO 2023-05-28 17:53:31,456 Watching for file changes with StatReloader
INFO 2023-05-28 17:53:38,494 C:\Users\EliteBook\realtor\backend\properties\models.py changed, reloading.
INFO 2023-05-28 17:53:40,035 Watching for file changes with StatReloader
INFO 2023-05-28 17:53:45,761 C:\Users\EliteBook\realtor\backend\properties\models.py changed, reloading.
INFO 2023-05-28 17:53:47,602 Watching for file changes with StatReloader
INFO 2023-05-28 17:53:53,597 C:\Users\EliteBook\realtor\backend\properties\models.py changed, reloading.
INFO 2023-05-28 17:53:54,969 Watching for file changes with StatReloader
INFO 2023-05-28 17:54:02,332 C:\Users\EliteBook\realtor\backend\properties\models.py changed, reloading.
INFO 2023-05-28 17:54:04,010 Watching for file changes with StatReloader
INFO 2023-05-28 17:54:10,132 C:\Users\EliteBook\realtor\backend\properties\models.py changed, reloading.
INFO 2023-05-28 17:54:11,651 Watching for file changes with StatReloader
INFO 2023-05-28 17:54:16,698 C:\Users\EliteBook\realtor\backend\properties\models.py changed, reloading.
INFO 2023-05-28 17:54:18,680 Watching for file changes with StatReloader
INFO 2023-05-28 17:54:24,915 C:\Users\EliteBook\realtor\backend\properties\models.py changed, reloading.
INFO 2023-05-28 17:54:26,497 Watching for file changes with StatReloader
INFO 2023-05-28 17:54:36,777 C:\Users\EliteBook\realtor\backend\properties\models.py changed, reloading.
INFO 2023-05-28 17:54:39,286 Watching for file changes with StatReloader
INFO 2023-05-28 17:54:44,988 C:\Users\EliteBook\realtor\backend\properties\models.py changed, reloading.
INFO 2023-05-28 17:54:47,020 Watching for file changes with StatReloader
INFO 2023-05-28 17:54:51,473 C:\Users\EliteBook\realtor\backend\properties\models.py changed, reloading.
INFO 2023-05-28 17:54:53,677 Watching for file changes with StatReloader
INFO 2023-05-28 17:54:57,371 C:\Users\EliteBook\realtor\backend\properties\models.py changed, reloading.
INFO 2023-05-28 17:54:58,656 Watching for file changes with StatReloader
INFO 2023-05-28 17:55:02,885 C:\Users\EliteBook\realtor\backend\properties\models.py changed, reloading.
INFO 2023-05-28 17:55:04,237 Watching for file changes with StatReloader
INFO 2023-05-28 17:55:09,549 C:\Users\EliteBook\realtor\backend\properties\models.py changed, reloading.
INFO 2023-05-28 17:55:11,287 Watching for file changes with StatReloader
INFO 2023-05-28 17:55:19,947 C:\Users\EliteBook\realtor\backend\properties\models.py changed, reloading.
INFO 2023-05-28 17:55:21,520 Watching for file changes with StatReloader
INFO 2023-05-28 17:55:27,231 C:\Users\EliteBook\realtor\backend\properties\models.py changed, reloading.
INFO 2023-05-28 17:55:31,707 Watching for file changes with StatReloader
INFO 2023-05-28 17:55:51,359 C:\Users\EliteBook\realtor\backend\properties\models.py changed, reloading.
INFO 2023-05-28 17:55:52,932 Watching for file changes with StatReloader
INFO 2023-05-28 17:55:56,300 C:\Users\EliteBook\realtor\backend\properties\models.py changed, reloading.
INFO 2023-05-28 17:55:57,678 Watching for file changes with StatReloader
INFO 2023-05-28 17:56:01,562 C:\Users\EliteBook\realtor\backend\properties\models.py changed, reloading.
INFO 2023-05-28 17:56:02,706 Watching for file changes with StatReloader
INFO 2023-05-28 17:56:08,025 C:\Users\EliteBook\realtor\backend\properties\models.py changed, reloading.
INFO 2023-05-28 17:56:09,354 Watching for file changes with StatReloader
INFO 2023-05-28 17:56:12,480 C:\Users\EliteBook\realtor\backend\properties\models.py changed, reloading.
INFO 2023-05-28 17:56:14,121 Watching for file changes with StatReloader
INFO 2023-05-28 17:56:20,014 C:\Users\EliteBook\realtor\backend\properties\models.py changed, reloading.
INFO 2023-05-28 17:56:21,549 Watching for file changes with StatReloader
INFO 2023-05-28 17:57:48,865 C:\Users\EliteBook\realtor\backend\properties\models.py changed, reloading.
INFO 2023-05-28 17:57:50,406 Watching for file changes with StatReloader
INFO 2023-05-28 17:59:48,632 C:\Users\EliteBook\realtor\backend\properties\models.py changed, reloading.
INFO 2023-05-28 17:59:50,649 Watching for file changes with StatReloader
INFO 2023-05-28 18:00:03,857 C:\Users\EliteBook\realtor\backend\properties\models.py changed, reloading.
INFO 2023-05-28 18:00:05,227 Watching for file changes with StatReloader
INFO 2023-05-28 18:00:29,699 C:\Users\EliteBook\realtor\backend\properties\models.py changed, reloading.
INFO 2023-05-28 18:00:31,410 Watching for file changes with StatReloader
INFO 2023-05-28 18:00:56,985 C:\Users\EliteBook\realtor\backend\properties\models.py changed, reloading.
INFO 2023-05-28 18:00:58,691 Watching for file changes with StatReloader
INFO 2023-05-28 18:01:06,700 C:\Users\EliteBook\realtor\backend\properties\models.py changed, reloading.
INFO 2023-05-28 18:01:08,096 Watching for file changes with StatReloader
INFO 2023-05-28 18:01:27,425 C:\Users\EliteBook\realtor\backend\properties\models.py changed, reloading.
INFO 2023-05-28 18:01:29,869 Watching for file changes with StatReloader
WARNING 2023-05-28 18:02:01,353 Not Found: /phpmyadmin/
WARNING 2023-05-28 18:02:01,355 "GET /phpmyadmin/ HTTP/1.1" 404 4712
INFO 2023-05-28 18:03:38,219 C:\Users\EliteBook\realtor\backend\properties\models.py changed, reloading.
INFO 2023-05-28 18:03:39,807 Watching for file changes with StatReloader
ERROR 2023-05-28 18:04:59,732 Internal Server Error: /posts/
Traceback (most recent call last):
  File "C:\Users\EliteBook\AppData\Local\Programs\Python\Python310\lib\site-packages\django\core\handlers\exception.py", line 55, in inner
    response = get_response(request)
  File "C:\Users\EliteBook\AppData\Local\Programs\Python\Python310\lib\site-packages\django\core\handlers\base.py", line 197, in _get_response
    response = wrapped_callback(request, *callback_args, **callback_kwargs)
  File "C:\Users\EliteBook\AppData\Local\Programs\Python\Python310\lib\site-packages\django\views\decorators\csrf.py", line 54, in wrapped_view
    return view_func(*args, **kwargs)
  File "C:\Users\EliteBook\AppData\Local\Programs\Python\Python310\lib\site-packages\django\views\generic\base.py", line 103, in view
    return self.dispatch(request, *args, **kwargs)
  File "C:\Users\EliteBook\AppData\Local\Programs\Python\Python310\lib\site-packages\rest_framework\views.py", line 509, in dispatch
    response = self.handle_exception(exc)
  File "C:\Users\EliteBook\AppData\Local\Programs\Python\Python310\lib\site-packages\rest_framework\views.py", line 469, in handle_exception
    self.raise_uncaught_exception(exc)
  File "C:\Users\EliteBook\AppData\Local\Programs\Python\Python310\lib\site-packages\rest_framework\views.py", line 480, in raise_uncaught_exception
    raise exc
  File "C:\Users\EliteBook\AppData\Local\Programs\Python\Python310\lib\site-packages\rest_framework\views.py", line 506, in dispatch
    response = handler(request, *args, **kwargs)
  File "C:\Users\EliteBook\realtor\backend\properties\views.py", line 45, in post
    user = request.session['user_id']
  File "C:\Users\EliteBook\AppData\Local\Programs\Python\Python310\lib\site-packages\django\contrib\sessions\backends\base.py", line 53, in __getitem__
    return self._session[key]
KeyError: 'user_id'
ERROR 2023-05-28 18:04:59,740 "POST /posts/ HTTP/1.1" 500 98373
INFO 2023-05-28 18:05:26,716 C:\Users\EliteBook\realtor\backend\properties\views.py changed, reloading.
INFO 2023-05-28 18:05:28,386 Watching for file changes with StatReloader
INFO 2023-05-28 18:05:36,927 "POST /posts/ HTTP/1.1" 201 26
INFO 2023-05-28 18:07:32,216 C:\Users\EliteBook\realtor\backend\properties\views.py changed, reloading.
INFO 2023-05-28 18:07:41,195 Watching for file changes with StatReloader
INFO 2023-05-28 18:07:55,626 "OPTIONS /login/ HTTP/1.1" 200 0
INFO 2023-05-28 18:07:56,448 "POST /login/ HTTP/1.1" 200 588
INFO 2023-05-28 18:07:56,762 "GET /properties/ HTTP/1.1" 200 2849
INFO 2023-05-28 18:07:57,007 "GET /properties/ HTTP/1.1" 200 2849
INFO 2023-05-28 18:07:57,056 "GET /properties/ HTTP/1.1" 200 2849
INFO 2023-05-28 18:08:14,789 "POST /posts/ HTTP/1.1" 201 26
INFO 2023-05-28 18:08:52,706 C:\Users\EliteBook\realtor\backend\properties\views.py changed, reloading.
INFO 2023-05-28 18:08:54,772 Watching for file changes with StatReloader
INFO 2023-05-28 18:08:59,662 C:\Users\EliteBook\realtor\backend\properties\views.py changed, reloading.
INFO 2023-05-28 18:09:01,232 Watching for file changes with StatReloader
INFO 2023-05-28 18:09:05,685 C:\Users\EliteBook\realtor\backend\properties\views.py changed, reloading.
INFO 2023-05-28 18:09:07,431 Watching for file changes with StatReloader
INFO 2023-05-28 18:09:11,126 C:\Users\EliteBook\realtor\backend\properties\views.py changed, reloading.
INFO 2023-05-28 18:09:12,432 Watching for file changes with StatReloader
INFO 2023-05-28 18:09:19,659 C:\Users\EliteBook\realtor\backend\properties\views.py changed, reloading.
INFO 2023-05-28 18:09:20,970 Watching for file changes with StatReloader
INFO 2023-05-28 18:09:27,493 C:\Users\EliteBook\realtor\backend\properties\views.py changed, reloading.
INFO 2023-05-28 18:09:29,025 Watching for file changes with StatReloader
INFO 2023-05-28 18:09:33,892 C:\Users\EliteBook\realtor\backend\properties\views.py changed, reloading.
INFO 2023-05-28 18:09:35,160 Watching for file changes with StatReloader
INFO 2023-05-28 18:09:45,725 C:\Users\EliteBook\realtor\backend\properties\views.py changed, reloading.
INFO 2023-05-28 18:09:47,204 Watching for file changes with StatReloader
INFO 2023-05-28 18:09:58,603 C:\Users\EliteBook\realtor\backend\properties\views.py changed, reloading.
INFO 2023-05-28 18:10:00,058 Watching for file changes with StatReloader
INFO 2023-05-28 18:10:05,160 C:\Users\EliteBook\realtor\backend\properties\views.py changed, reloading.
INFO 2023-05-28 18:10:06,670 Watching for file changes with StatReloader
INFO 2023-05-28 18:10:14,654 C:\Users\EliteBook\realtor\backend\properties\views.py changed, reloading.
INFO 2023-05-28 18:10:16,103 Watching for file changes with StatReloader
INFO 2023-05-28 18:10:24,081 C:\Users\EliteBook\realtor\backend\properties\views.py changed, reloading.
INFO 2023-05-28 18:10:25,318 Watching for file changes with StatReloader
INFO 2023-05-28 18:10:31,140 C:\Users\EliteBook\realtor\backend\properties\views.py changed, reloading.
INFO 2023-05-28 18:10:32,566 Watching for file changes with StatReloader
INFO 2023-05-28 18:10:41,354 C:\Users\EliteBook\realtor\backend\properties\views.py changed, reloading.
INFO 2023-05-28 18:10:42,990 Watching for file changes with StatReloader
INFO 2023-05-28 18:10:47,960 C:\Users\EliteBook\realtor\backend\properties\views.py changed, reloading.
INFO 2023-05-28 18:10:49,900 Watching for file changes with StatReloader
INFO 2023-05-28 18:10:54,378 C:\Users\EliteBook\realtor\backend\properties\views.py changed, reloading.
INFO 2023-05-28 18:10:55,921 Watching for file changes with StatReloader
ERROR 2023-05-28 18:12:15,126 Internal Server Error: /posts/
Traceback (most recent call last):
  File "C:\Users\EliteBook\AppData\Local\Programs\Python\Python310\lib\site-packages\django\utils\datastructures.py", line 84, in __getitem__
    list_ = super().__getitem__(key)
KeyError: 'InMemoryUploadedFile'

During handling of the above exception, another exception occurred:

Traceback (most recent call last):
  File "C:\Users\EliteBook\AppData\Local\Programs\Python\Python310\lib\site-packages\django\core\handlers\exception.py", line 55, in inner
    response = get_response(request)
  File "C:\Users\EliteBook\AppData\Local\Programs\Python\Python310\lib\site-packages\django\core\handlers\base.py", line 197, in _get_response
    response = wrapped_callback(request, *callback_args, **callback_kwargs)
  File "C:\Users\EliteBook\AppData\Local\Programs\Python\Python310\lib\site-packages\django\views\decorators\csrf.py", line 54, in wrapped_view
    return view_func(*args, **kwargs)
  File "C:\Users\EliteBook\AppData\Local\Programs\Python\Python310\lib\site-packages\django\views\generic\base.py", line 103, in view
    return self.dispatch(request, *args, **kwargs)
  File "C:\Users\EliteBook\AppData\Local\Programs\Python\Python310\lib\site-packages\rest_framework\views.py", line 509, in dispatch
    response = self.handle_exception(exc)
  File "C:\Users\EliteBook\AppData\Local\Programs\Python\Python310\lib\site-packages\rest_framework\views.py", line 469, in handle_exception
    self.raise_uncaught_exception(exc)
  File "C:\Users\EliteBook\AppData\Local\Programs\Python\Python310\lib\site-packages\rest_framework\views.py", line 480, in raise_uncaught_exception
    raise exc
  File "C:\Users\EliteBook\AppData\Local\Programs\Python\Python310\lib\site-packages\rest_framework\views.py", line 506, in dispatch
    response = handler(request, *args, **kwargs)
  File "C:\Users\EliteBook\realtor\backend\properties\views.py", line 48, in post
    file = data['InMemoryUploadedFile']
  File "C:\Users\EliteBook\AppData\Local\Programs\Python\Python310\lib\site-packages\django\utils\datastructures.py", line 86, in __getitem__
    raise MultiValueDictKeyError(key)
django.utils.datastructures.MultiValueDictKeyError: 'InMemoryUploadedFile'
ERROR 2023-05-28 18:12:15,131 "POST /posts/ HTTP/1.1" 500 104419
INFO 2023-05-28 18:12:35,832 C:\Users\EliteBook\realtor\backend\properties\views.py changed, reloading.
INFO 2023-05-28 18:12:37,616 Watching for file changes with StatReloader
ERROR 2023-05-28 18:12:50,046 Internal Server Error: /posts/
Traceback (most recent call last):
  File "C:\Users\EliteBook\AppData\Local\Programs\Python\Python310\lib\site-packages\django\utils\datastructures.py", line 84, in __getitem__
    list_ = super().__getitem__(key)
KeyError: 'InMemoryUploadedFile'

During handling of the above exception, another exception occurred:

Traceback (most recent call last):
  File "C:\Users\EliteBook\AppData\Local\Programs\Python\Python310\lib\site-packages\django\core\handlers\exception.py", line 55, in inner
    response = get_response(request)
  File "C:\Users\EliteBook\AppData\Local\Programs\Python\Python310\lib\site-packages\django\core\handlers\base.py", line 197, in _get_response
    response = wrapped_callback(request, *callback_args, **callback_kwargs)
  File "C:\Users\EliteBook\AppData\Local\Programs\Python\Python310\lib\site-packages\django\views\decorators\csrf.py", line 54, in wrapped_view
    return view_func(*args, **kwargs)
  File "C:\Users\EliteBook\AppData\Local\Programs\Python\Python310\lib\site-packages\django\views\generic\base.py", line 103, in view
    return self.dispatch(request, *args, **kwargs)
  File "C:\Users\EliteBook\AppData\Local\Programs\Python\Python310\lib\site-packages\rest_framework\views.py", line 509, in dispatch
    response = self.handle_exception(exc)
  File "C:\Users\EliteBook\AppData\Local\Programs\Python\Python310\lib\site-packages\rest_framework\views.py", line 469, in handle_exception
    self.raise_uncaught_exception(exc)
  File "C:\Users\EliteBook\AppData\Local\Programs\Python\Python310\lib\site-packages\rest_framework\views.py", line 480, in raise_uncaught_exception
    raise exc
  File "C:\Users\EliteBook\AppData\Local\Programs\Python\Python310\lib\site-packages\rest_framework\views.py", line 506, in dispatch
    response = handler(request, *args, **kwargs)
  File "C:\Users\EliteBook\realtor\backend\properties\views.py", line 48, in post
    file = data['InMemoryUploadedFile']
  File "C:\Users\EliteBook\AppData\Local\Programs\Python\Python310\lib\site-packages\django\utils\datastructures.py", line 86, in __getitem__
    raise MultiValueDictKeyError(key)
django.utils.datastructures.MultiValueDictKeyError: 'InMemoryUploadedFile'
ERROR 2023-05-28 18:12:50,050 "POST /posts/ HTTP/1.1" 500 104262
ERROR 2023-05-28 18:12:57,034 Internal Server Error: /posts/
Traceback (most recent call last):
  File "C:\Users\EliteBook\AppData\Local\Programs\Python\Python310\lib\site-packages\django\utils\datastructures.py", line 84, in __getitem__
    list_ = super().__getitem__(key)
KeyError: 'InMemoryUploadedFile'

During handling of the above exception, another exception occurred:

Traceback (most recent call last):
  File "C:\Users\EliteBook\AppData\Local\Programs\Python\Python310\lib\site-packages\django\core\handlers\exception.py", line 55, in inner
    response = get_response(request)
  File "C:\Users\EliteBook\AppData\Local\Programs\Python\Python310\lib\site-packages\django\core\handlers\base.py", line 197, in _get_response
    response = wrapped_callback(request, *callback_args, **callback_kwargs)
  File "C:\Users\EliteBook\AppData\Local\Programs\Python\Python310\lib\site-packages\django\views\decorators\csrf.py", line 54, in wrapped_view
    return view_func(*args, **kwargs)
  File "C:\Users\EliteBook\AppData\Local\Programs\Python\Python310\lib\site-packages\django\views\generic\base.py", line 103, in view
    return self.dispatch(request, *args, **kwargs)
  File "C:\Users\EliteBook\AppData\Local\Programs\Python\Python310\lib\site-packages\rest_framework\views.py", line 509, in dispatch
    response = self.handle_exception(exc)
  File "C:\Users\EliteBook\AppData\Local\Programs\Python\Python310\lib\site-packages\rest_framework\views.py", line 469, in handle_exception
    self.raise_uncaught_exception(exc)
  File "C:\Users\EliteBook\AppData\Local\Programs\Python\Python310\lib\site-packages\rest_framework\views.py", line 480, in raise_uncaught_exception
    raise exc
  File "C:\Users\EliteBook\AppData\Local\Programs\Python\Python310\lib\site-packages\rest_framework\views.py", line 506, in dispatch
    response = handler(request, *args, **kwargs)
  File "C:\Users\EliteBook\realtor\backend\properties\views.py", line 48, in post
    file = data['InMemoryUploadedFile']
  File "C:\Users\EliteBook\AppData\Local\Programs\Python\Python310\lib\site-packages\django\utils\datastructures.py", line 86, in __getitem__
    raise MultiValueDictKeyError(key)
django.utils.datastructures.MultiValueDictKeyError: 'InMemoryUploadedFile'
ERROR 2023-05-28 18:12:57,035 "POST /posts/ HTTP/1.1" 500 104262
INFO 2023-05-28 18:13:07,761 C:\Users\EliteBook\realtor\backend\properties\views.py changed, reloading.
INFO 2023-05-28 18:13:09,339 Watching for file changes with StatReloader
ERROR 2023-05-28 18:13:12,047 Internal Server Error: /posts/
Traceback (most recent call last):
  File "C:\Users\EliteBook\AppData\Local\Programs\Python\Python310\lib\site-packages\django\utils\datastructures.py", line 84, in __getitem__
    list_ = super().__getitem__(key)
KeyError: 'InMemoryUploadedFile'

During handling of the above exception, another exception occurred:

Traceback (most recent call last):
  File "C:\Users\EliteBook\AppData\Local\Programs\Python\Python310\lib\site-packages\django\core\handlers\exception.py", line 55, in inner
    response = get_response(request)
  File "C:\Users\EliteBook\AppData\Local\Programs\Python\Python310\lib\site-packages\django\core\handlers\base.py", line 197, in _get_response
    response = wrapped_callback(request, *callback_args, **callback_kwargs)
  File "C:\Users\EliteBook\AppData\Local\Programs\Python\Python310\lib\site-packages\django\views\decorators\csrf.py", line 54, in wrapped_view
    return view_func(*args, **kwargs)
  File "C:\Users\EliteBook\AppData\Local\Programs\Python\Python310\lib\site-packages\django\views\generic\base.py", line 103, in view
    return self.dispatch(request, *args, **kwargs)
  File "C:\Users\EliteBook\AppData\Local\Programs\Python\Python310\lib\site-packages\rest_framework\views.py", line 509, in dispatch
    response = self.handle_exception(exc)
  File "C:\Users\EliteBook\AppData\Local\Programs\Python\Python310\lib\site-packages\rest_framework\views.py", line 469, in handle_exception
    self.raise_uncaught_exception(exc)
  File "C:\Users\EliteBook\AppData\Local\Programs\Python\Python310\lib\site-packages\rest_framework\views.py", line 480, in raise_uncaught_exception
    raise exc
  File "C:\Users\EliteBook\AppData\Local\Programs\Python\Python310\lib\site-packages\rest_framework\views.py", line 506, in dispatch
    response = handler(request, *args, **kwargs)
  File "C:\Users\EliteBook\realtor\backend\properties\views.py", line 48, in post
    file = data['InMemoryUploadedFile']
  File "C:\Users\EliteBook\AppData\Local\Programs\Python\Python310\lib\site-packages\django\utils\datastructures.py", line 86, in __getitem__
    raise MultiValueDictKeyError(key)
django.utils.datastructures.MultiValueDictKeyError: 'InMemoryUploadedFile'
ERROR 2023-05-28 18:13:12,050 "POST /posts/ HTTP/1.1" 500 104243
INFO 2023-05-28 18:13:21,036 C:\Users\EliteBook\realtor\backend\properties\views.py changed, reloading.
INFO 2023-05-28 18:13:23,268 Watching for file changes with StatReloader
INFO 2023-05-28 18:14:03,511 C:\Users\EliteBook\realtor\backend\properties\views.py changed, reloading.
INFO 2023-05-28 18:14:05,478 Watching for file changes with StatReloader
INFO 2023-05-28 18:14:09,573 C:\Users\EliteBook\realtor\backend\properties\views.py changed, reloading.
INFO 2023-05-28 18:14:11,344 Watching for file changes with StatReloader
INFO 2023-05-28 18:14:19,631 C:\Users\EliteBook\realtor\backend\properties\views.py changed, reloading.
INFO 2023-05-28 18:14:21,171 Watching for file changes with StatReloader
INFO 2023-05-28 18:14:24,901 C:\Users\EliteBook\realtor\backend\properties\views.py changed, reloading.
INFO 2023-05-28 18:14:26,506 Watching for file changes with StatReloader
INFO 2023-05-28 18:14:32,241 C:\Users\EliteBook\realtor\backend\properties\views.py changed, reloading.
INFO 2023-05-28 18:14:34,244 Watching for file changes with StatReloader
INFO 2023-05-28 18:14:42,648 C:\Users\EliteBook\realtor\backend\properties\views.py changed, reloading.
INFO 2023-05-28 18:14:44,037 Watching for file changes with StatReloader
INFO 2023-05-28 18:14:51,574 C:\Users\EliteBook\realtor\backend\properties\views.py changed, reloading.
INFO 2023-05-28 18:14:53,469 Watching for file changes with StatReloader
INFO 2023-05-28 18:14:58,596 C:\Users\EliteBook\realtor\backend\properties\views.py changed, reloading.
INFO 2023-05-28 18:14:59,791 Watching for file changes with StatReloader
ERROR 2023-05-28 18:15:06,471 Internal Server Error: /posts/
Traceback (most recent call last):
  File "C:\Users\EliteBook\AppData\Local\Programs\Python\Python310\lib\site-packages\django\utils\datastructures.py", line 84, in __getitem__
    list_ = super().__getitem__(key)
KeyError: 'InMemoryUploadedFile'

During handling of the above exception, another exception occurred:

Traceback (most recent call last):
  File "C:\Users\EliteBook\AppData\Local\Programs\Python\Python310\lib\site-packages\django\core\handlers\exception.py", line 55, in inner
    response = get_response(request)
  File "C:\Users\EliteBook\AppData\Local\Programs\Python\Python310\lib\site-packages\django\core\handlers\base.py", line 197, in _get_response
    response = wrapped_callback(request, *callback_args, **callback_kwargs)
  File "C:\Users\EliteBook\AppData\Local\Programs\Python\Python310\lib\site-packages\django\views\decorators\csrf.py", line 54, in wrapped_view
    return view_func(*args, **kwargs)
  File "C:\Users\EliteBook\AppData\Local\Programs\Python\Python310\lib\site-packages\django\views\generic\base.py", line 103, in view
    return self.dispatch(request, *args, **kwargs)
  File "C:\Users\EliteBook\AppData\Local\Programs\Python\Python310\lib\site-packages\rest_framework\views.py", line 509, in dispatch
    response = self.handle_exception(exc)
  File "C:\Users\EliteBook\AppData\Local\Programs\Python\Python310\lib\site-packages\rest_framework\views.py", line 469, in handle_exception
    self.raise_uncaught_exception(exc)
  File "C:\Users\EliteBook\AppData\Local\Programs\Python\Python310\lib\site-packages\rest_framework\views.py", line 480, in raise_uncaught_exception
    raise exc
  File "C:\Users\EliteBook\AppData\Local\Programs\Python\Python310\lib\site-packages\rest_framework\views.py", line 506, in dispatch
    response = handler(request, *args, **kwargs)
  File "C:\Users\EliteBook\realtor\backend\properties\views.py", line 48, in post
    file = data['InMemoryUploadedFile']
  File "C:\Users\EliteBook\AppData\Local\Programs\Python\Python310\lib\site-packages\django\utils\datastructures.py", line 86, in __getitem__
    raise MultiValueDictKeyError(key)
django.utils.datastructures.MultiValueDictKeyError: 'InMemoryUploadedFile'
ERROR 2023-05-28 18:15:06,479 "POST /posts/ HTTP/1.1" 500 104363
INFO 2023-05-28 18:16:01,823 C:\Users\EliteBook\realtor\backend\properties\views.py changed, reloading.
INFO 2023-05-28 18:16:04,433 Watching for file changes with StatReloader
INFO 2023-05-28 18:16:08,406 C:\Users\EliteBook\realtor\backend\properties\views.py changed, reloading.
INFO 2023-05-28 18:16:10,440 Watching for file changes with StatReloader
INFO 2023-05-28 18:16:17,893 "POST /posts/ HTTP/1.1" 201 26
INFO 2023-05-28 18:16:47,231 C:\Users\EliteBook\realtor\backend\users\views.py changed, reloading.
INFO 2023-05-28 18:16:48,820 Watching for file changes with StatReloader
INFO 2023-05-28 18:17:04,272 C:\Users\EliteBook\realtor\backend\properties\views.py changed, reloading.
INFO 2023-05-28 18:17:05,664 Watching for file changes with StatReloader
INFO 2023-05-28 18:17:11,927 "POST /login/ HTTP/1.1" 200 588
INFO 2023-05-28 18:17:12,091 "GET /properties/ HTTP/1.1" 200 2849
INFO 2023-05-28 18:17:12,155 "GET /properties/ HTTP/1.1" 200 2849
INFO 2023-05-28 18:17:12,327 "GET /properties/ HTTP/1.1" 200 2849
INFO 2023-05-28 18:17:24,958 "POST /posts/ HTTP/1.1" 201 26
INFO 2023-05-28 18:17:57,768 C:\Users\EliteBook\realtor\backend\properties\views.py changed, reloading.
INFO 2023-05-28 18:17:59,574 Watching for file changes with StatReloader
INFO 2023-05-28 18:18:16,741 C:\Users\EliteBook\realtor\backend\properties\views.py changed, reloading.
INFO 2023-05-28 18:18:18,280 Watching for file changes with StatReloader
INFO 2023-05-28 18:18:26,231 C:\Users\EliteBook\realtor\backend\properties\views.py changed, reloading.
INFO 2023-05-28 18:18:27,761 Watching for file changes with StatReloader
INFO 2023-05-28 18:18:32,635 C:\Users\EliteBook\realtor\backend\properties\views.py changed, reloading.
INFO 2023-05-28 18:18:34,231 Watching for file changes with StatReloader
INFO 2023-05-28 18:18:37,576 C:\Users\EliteBook\realtor\backend\properties\views.py changed, reloading.
INFO 2023-05-28 18:18:38,800 Watching for file changes with StatReloader
INFO 2023-05-28 18:18:42,405 C:\Users\EliteBook\realtor\backend\properties\views.py changed, reloading.
INFO 2023-05-28 18:18:44,301 Watching for file changes with StatReloader
INFO 2023-05-28 18:18:58,754 C:\Users\EliteBook\realtor\backend\properties\views.py changed, reloading.
INFO 2023-05-28 18:19:00,500 Watching for file changes with StatReloader
INFO 2023-05-28 18:19:05,221 C:\Users\EliteBook\realtor\backend\properties\views.py changed, reloading.
INFO 2023-05-28 18:19:07,389 Watching for file changes with StatReloader
INFO 2023-05-28 18:19:13,196 C:\Users\EliteBook\realtor\backend\properties\views.py changed, reloading.
INFO 2023-05-28 18:19:15,002 Watching for file changes with StatReloader
INFO 2023-05-28 18:19:26,824 C:\Users\EliteBook\realtor\backend\properties\views.py changed, reloading.
INFO 2023-05-28 18:19:28,947 Watching for file changes with StatReloader
INFO 2023-05-28 18:19:45,520 C:\Users\EliteBook\realtor\backend\properties\views.py changed, reloading.
INFO 2023-05-28 18:19:47,052 Watching for file changes with StatReloader
INFO 2023-05-28 18:19:51,276 C:\Users\EliteBook\realtor\backend\properties\views.py changed, reloading.
INFO 2023-05-28 18:19:52,771 Watching for file changes with StatReloader
INFO 2023-05-28 18:19:57,261 C:\Users\EliteBook\realtor\backend\properties\views.py changed, reloading.
INFO 2023-05-28 18:19:58,685 Watching for file changes with StatReloader
INFO 2023-05-28 18:20:03,528 C:\Users\EliteBook\realtor\backend\properties\views.py changed, reloading.
INFO 2023-05-28 18:20:05,591 Watching for file changes with StatReloader
INFO 2023-05-28 18:20:10,942 C:\Users\EliteBook\realtor\backend\properties\views.py changed, reloading.
INFO 2023-05-28 18:20:12,797 Watching for file changes with StatReloader
INFO 2023-05-28 18:20:16,582 C:\Users\EliteBook\realtor\backend\properties\views.py changed, reloading.
INFO 2023-05-28 18:20:18,050 Watching for file changes with StatReloader
INFO 2023-05-28 18:20:25,978 C:\Users\EliteBook\realtor\backend\properties\views.py changed, reloading.
INFO 2023-05-28 18:20:27,598 Watching for file changes with StatReloader
INFO 2023-05-28 18:20:31,555 C:\Users\EliteBook\realtor\backend\properties\views.py changed, reloading.
INFO 2023-05-28 18:20:33,351 Watching for file changes with StatReloader
INFO 2023-05-28 18:20:36,592 C:\Users\EliteBook\realtor\backend\properties\views.py changed, reloading.
INFO 2023-05-28 18:20:38,395 Watching for file changes with StatReloader
INFO 2023-05-28 18:23:52,914 C:\Users\EliteBook\realtor\backend\users\views.py changed, reloading.
INFO 2023-05-28 18:23:54,426 Watching for file changes with StatReloader
INFO 2023-05-28 18:24:01,708 C:\Users\EliteBook\realtor\backend\users\views.py changed, reloading.
INFO 2023-05-28 18:24:03,217 Watching for file changes with StatReloader
INFO 2023-05-28 18:24:14,020 C:\Users\EliteBook\realtor\backend\users\views.py changed, reloading.
INFO 2023-05-28 18:24:15,647 Watching for file changes with StatReloader
INFO 2023-05-28 18:24:23,800 "POST /login/ HTTP/1.1" 200 588
INFO 2023-05-28 18:24:23,989 "GET /properties/ HTTP/1.1" 200 2849
INFO 2023-05-28 18:24:24,036 "GET /properties/ HTTP/1.1" 200 2849
INFO 2023-05-28 18:24:24,085 "GET /properties/ HTTP/1.1" 200 2849
INFO 2023-05-28 18:24:40,490 C:\Users\EliteBook\realtor\backend\users\views.py changed, reloading.
INFO 2023-05-28 18:24:41,928 Watching for file changes with StatReloader
INFO 2023-05-28 18:24:57,190 C:\Users\EliteBook\realtor\backend\users\views.py changed, reloading.
INFO 2023-05-28 18:24:58,894 Watching for file changes with StatReloader
INFO 2023-05-28 18:25:07,252 C:\Users\EliteBook\realtor\backend\users\views.py changed, reloading.
INFO 2023-05-28 18:25:08,803 Watching for file changes with StatReloader
INFO 2023-05-28 18:25:13,042 C:\Users\EliteBook\realtor\backend\users\views.py changed, reloading.
INFO 2023-05-28 18:25:14,684 Watching for file changes with StatReloader
INFO 2023-05-28 18:25:19,323 C:\Users\EliteBook\realtor\backend\users\views.py changed, reloading.
INFO 2023-05-28 18:25:21,803 Watching for file changes with StatReloader
INFO 2023-05-28 18:25:29,006 "POST /login/ HTTP/1.1" 200 588
INFO 2023-05-28 18:25:29,280 "GET /properties/ HTTP/1.1" 200 2849
INFO 2023-05-28 18:25:29,375 "GET /properties/ HTTP/1.1" 200 2849
INFO 2023-05-28 18:25:29,458 "GET /properties/ HTTP/1.1" 200 2849
INFO 2023-05-28 18:25:39,315 C:\Users\EliteBook\realtor\backend\users\views.py changed, reloading.
INFO 2023-05-28 18:25:41,053 Watching for file changes with StatReloader
INFO 2023-05-28 18:25:49,032 C:\Users\EliteBook\realtor\backend\properties\views.py changed, reloading.
INFO 2023-05-28 18:25:50,859 Watching for file changes with StatReloader
INFO 2023-05-28 18:26:06,311 Watching for file changes with StatReloader
INFO 2023-05-28 18:26:14,610 "POST /login/ HTTP/1.1" 200 588
INFO 2023-05-28 18:26:14,784 "GET /properties/ HTTP/1.1" 200 2849
INFO 2023-05-28 18:26:14,915 "GET /properties/ HTTP/1.1" 200 2849
INFO 2023-05-28 18:26:15,004 "GET /properties/ HTTP/1.1" 200 2849
INFO 2023-05-28 18:26:25,808 "POST /posts/ HTTP/1.1" 201 26
INFO 2023-05-28 18:26:44,488 C:\Users\EliteBook\realtor\backend\properties\views.py changed, reloading.
INFO 2023-05-28 18:26:46,358 Watching for file changes with StatReloader
INFO 2023-05-28 18:27:13,934 C:\Users\EliteBook\realtor\backend\properties\views.py changed, reloading.
INFO 2023-05-28 18:27:15,798 Watching for file changes with StatReloader
INFO 2023-05-28 18:27:32,694 "POST /posts/ HTTP/1.1" 201 26
INFO 2023-05-28 18:30:19,060 C:\Users\EliteBook\realtor\backend\backend\settings.py changed, reloading.
INFO 2023-05-28 18:30:20,530 Watching for file changes with StatReloader
INFO 2023-05-28 18:30:24,811 C:\Users\EliteBook\realtor\backend\backend\settings.py changed, reloading.
INFO 2023-05-28 18:30:26,101 Watching for file changes with StatReloader
INFO 2023-05-28 18:30:31,022 C:\Users\EliteBook\realtor\backend\backend\settings.py changed, reloading.
INFO 2023-05-28 18:30:32,620 Watching for file changes with StatReloader
INFO 2023-05-28 18:32:16,848 C:\Users\EliteBook\realtor\backend\backend\settings.py changed, reloading.
INFO 2023-05-28 18:32:18,668 Watching for file changes with StatReloader
INFO 2023-05-28 18:32:36,394 "POST /login/ HTTP/1.1" 200 588
INFO 2023-05-28 18:32:36,588 "GET /properties/ HTTP/1.1" 200 2849
INFO 2023-05-28 18:32:36,649 "GET /properties/ HTTP/1.1" 200 2849
INFO 2023-05-28 18:32:36,702 "GET /properties/ HTTP/1.1" 200 2849
INFO 2023-05-28 18:32:47,747 "POST /posts/ HTTP/1.1" 201 26
INFO 2023-05-28 18:34:20,540 C:\Users\EliteBook\realtor\backend\backend\settings.py changed, reloading.
INFO 2023-05-28 18:34:21,620 Watching for file changes with StatReloader
INFO 2023-05-28 18:36:01,889 Watching for file changes with StatReloader
INFO 2023-05-28 18:36:13,543 "POST /posts/ HTTP/1.1" 201 26
INFO 2023-05-28 18:39:05,005 C:\Users\EliteBook\realtor\backend\backend\settings.py changed, reloading.
INFO 2023-05-28 18:39:06,785 Watching for file changes with StatReloader
INFO 2023-05-28 18:39:21,709 "POST /posts/ HTTP/1.1" 201 26
INFO 2023-05-28 18:39:40,209 "POST /login/ HTTP/1.1" 200 588
INFO 2023-05-28 18:39:40,319 "GET /properties/ HTTP/1.1" 200 2849
INFO 2023-05-28 18:39:40,392 "GET /properties/ HTTP/1.1" 200 2849
INFO 2023-05-28 18:39:40,478 "GET /properties/ HTTP/1.1" 200 2849
INFO 2023-05-28 18:39:54,885 "POST /posts/ HTTP/1.1" 201 26
WARNING 2023-05-28 20:23:56,510 Method Not Allowed: /posts/
WARNING 2023-05-28 20:23:56,512 "GET /posts/ HTTP/1.1" 405 10358
INFO 2023-05-28 21:24:28,762 Watching for file changes with StatReloader
INFO 2023-05-28 21:25:35,683 Watching for file changes with StatReloader
INFO 2023-05-28 21:26:02,277 "OPTIONS /properties/ HTTP/1.1" 200 0
INFO 2023-05-28 21:26:02,279 "OPTIONS /properties/ HTTP/1.1" 200 0
INFO 2023-05-28 21:26:02,281 "OPTIONS /properties/ HTTP/1.1" 200 0
INFO 2023-05-28 21:26:02,448 "GET /properties/ HTTP/1.1" 200 2849
INFO 2023-05-28 21:26:02,500 "GET /properties/ HTTP/1.1" 200 2849
INFO 2023-05-28 21:26:02,538 "GET /properties/ HTTP/1.1" 200 2849
INFO 2023-05-28 21:26:12,693 "OPTIONS /login/ HTTP/1.1" 200 0
INFO 2023-05-28 21:26:13,330 "POST /login/ HTTP/1.1" 200 588
INFO 2023-05-28 21:26:13,439 "GET /properties/ HTTP/1.1" 200 2849
INFO 2023-05-28 21:26:13,489 "GET /properties/ HTTP/1.1" 200 2849
INFO 2023-05-28 21:26:13,545 "GET /properties/ HTTP/1.1" 200 2849
INFO 2023-05-28 21:26:41,914 "POST /posts/ HTTP/1.1" 201 26
INFO 2023-05-28 21:32:27,286 "GET /properties/ HTTP/1.1" 200 2849
INFO 2023-05-28 21:32:27,335 "GET /properties/ HTTP/1.1" 200 2849
INFO 2023-05-28 21:32:27,376 "GET /properties/ HTTP/1.1" 200 2849
INFO 2023-05-28 23:15:19,338 "POST /login/ HTTP/1.1" 200 588
INFO 2023-05-28 23:15:19,492 "GET /properties/ HTTP/1.1" 200 2849
INFO 2023-05-28 23:15:19,565 "GET /properties/ HTTP/1.1" 200 2849
INFO 2023-05-28 23:15:19,663 "GET /properties/ HTTP/1.1" 200 2849
INFO 2023-05-28 23:18:41,729 C:\Users\EliteBook\realtor\backend\properties\views.py changed, reloading.
INFO 2023-05-28 23:18:49,088 Watching for file changes with StatReloader
INFO 2023-05-28 23:18:55,501 C:\Users\EliteBook\realtor\backend\properties\views.py changed, reloading.
INFO 2023-05-28 23:18:57,024 Watching for file changes with StatReloader
INFO 2023-05-28 23:19:12,609 C:\Users\EliteBook\realtor\backend\properties\views.py changed, reloading.
INFO 2023-05-28 23:19:15,438 Watching for file changes with StatReloader
INFO 2023-05-28 23:19:36,358 "POST /posts/ HTTP/1.1" 201 26
INFO 2023-05-28 23:19:56,086 C:\Users\EliteBook\realtor\backend\properties\views.py changed, reloading.
INFO 2023-05-28 23:19:58,402 Watching for file changes with StatReloader
INFO 2023-05-28 23:20:14,107 C:\Users\EliteBook\realtor\backend\properties\views.py changed, reloading.
INFO 2023-05-28 23:20:16,148 Watching for file changes with StatReloader
INFO 2023-05-28 23:20:23,062 C:\Users\EliteBook\realtor\backend\properties\views.py changed, reloading.
INFO 2023-05-28 23:20:25,800 Watching for file changes with StatReloader
INFO 2023-05-28 23:20:31,256 C:\Users\EliteBook\realtor\backend\properties\views.py changed, reloading.
INFO 2023-05-28 23:20:33,133 Watching for file changes with StatReloader
INFO 2023-05-28 23:20:38,483 C:\Users\EliteBook\realtor\backend\properties\views.py changed, reloading.
INFO 2023-05-28 23:20:40,258 Watching for file changes with StatReloader
INFO 2023-05-28 23:20:44,103 C:\Users\EliteBook\realtor\backend\properties\views.py changed, reloading.
INFO 2023-05-28 23:20:45,716 Watching for file changes with StatReloader
INFO 2023-05-28 23:20:51,561 C:\Users\EliteBook\realtor\backend\properties\views.py changed, reloading.
INFO 2023-05-28 23:20:53,603 Watching for file changes with StatReloader
ERROR 2023-05-28 23:21:12,609 Internal Server Error: /posts/
Traceback (most recent call last):
  File "C:\Users\EliteBook\AppData\Local\Programs\Python\Python310\lib\site-packages\django\core\handlers\exception.py", line 55, in inner
    response = get_response(request)
  File "C:\Users\EliteBook\AppData\Local\Programs\Python\Python310\lib\site-packages\django\core\handlers\base.py", line 197, in _get_response
    response = wrapped_callback(request, *callback_args, **callback_kwargs)
  File "C:\Users\EliteBook\AppData\Local\Programs\Python\Python310\lib\site-packages\django\views\decorators\csrf.py", line 54, in wrapped_view
    return view_func(*args, **kwargs)
  File "C:\Users\EliteBook\AppData\Local\Programs\Python\Python310\lib\site-packages\django\views\generic\base.py", line 103, in view
    return self.dispatch(request, *args, **kwargs)
  File "C:\Users\EliteBook\AppData\Local\Programs\Python\Python310\lib\site-packages\rest_framework\views.py", line 509, in dispatch
    response = self.handle_exception(exc)
  File "C:\Users\EliteBook\AppData\Local\Programs\Python\Python310\lib\site-packages\rest_framework\views.py", line 469, in handle_exception
    self.raise_uncaught_exception(exc)
  File "C:\Users\EliteBook\AppData\Local\Programs\Python\Python310\lib\site-packages\rest_framework\views.py", line 480, in raise_uncaught_exception
    raise exc
  File "C:\Users\EliteBook\AppData\Local\Programs\Python\Python310\lib\site-packages\rest_framework\views.py", line 506, in dispatch
    response = handler(request, *args, **kwargs)
  File "C:\Users\EliteBook\realtor\backend\properties\views.py", line 67, in post
    print(f"user: {user_type}, privacy: {privacy}, description: {description}, file: {file}")
NameError: name 'user_type' is not defined
ERROR 2023-05-28 23:21:12,616 "POST /posts/ HTTP/1.1" 500 95277
INFO 2023-05-28 23:21:34,848 C:\Users\EliteBook\realtor\backend\properties\views.py changed, reloading.
INFO 2023-05-28 23:21:36,900 Watching for file changes with StatReloader
INFO 2023-05-28 23:21:41,090 "POST /posts/ HTTP/1.1" 201 26
INFO 2023-05-28 23:22:01,190 "GET /properties/ HTTP/1.1" 200 2849
INFO 2023-05-28 23:22:01,268 "GET /properties/ HTTP/1.1" 200 2849
INFO 2023-05-28 23:22:01,419 "GET /properties/ HTTP/1.1" 200 2849
INFO 2023-05-28 23:22:20,253 "POST /posts/ HTTP/1.1" 201 26
INFO 2023-05-28 23:22:41,373 C:\Users\EliteBook\realtor\backend\properties\views.py changed, reloading.
INFO 2023-05-28 23:22:43,251 Watching for file changes with StatReloader
INFO 2023-05-28 23:22:49,877 C:\Users\EliteBook\realtor\backend\properties\views.py changed, reloading.
INFO 2023-05-28 23:22:51,348 Watching for file changes with StatReloader
INFO 2023-05-28 23:22:56,010 C:\Users\EliteBook\realtor\backend\properties\views.py changed, reloading.
INFO 2023-05-28 23:22:58,182 Watching for file changes with StatReloader
INFO 2023-05-28 23:23:03,396 C:\Users\EliteBook\realtor\backend\properties\views.py changed, reloading.
INFO 2023-05-28 23:23:04,906 Watching for file changes with StatReloader
ERROR 2023-05-28 23:23:20,655 Internal Server Error: /posts/
Traceback (most recent call last):
  File "C:\Users\EliteBook\AppData\Local\Programs\Python\Python310\lib\site-packages\django\core\handlers\exception.py", line 55, in inner
    response = get_response(request)
  File "C:\Users\EliteBook\AppData\Local\Programs\Python\Python310\lib\site-packages\django\core\handlers\base.py", line 197, in _get_response
    response = wrapped_callback(request, *callback_args, **callback_kwargs)
  File "C:\Users\EliteBook\AppData\Local\Programs\Python\Python310\lib\site-packages\django\views\decorators\csrf.py", line 54, in wrapped_view
    return view_func(*args, **kwargs)
  File "C:\Users\EliteBook\AppData\Local\Programs\Python\Python310\lib\site-packages\django\views\generic\base.py", line 103, in view
    return self.dispatch(request, *args, **kwargs)
  File "C:\Users\EliteBook\AppData\Local\Programs\Python\Python310\lib\site-packages\rest_framework\views.py", line 509, in dispatch
    response = self.handle_exception(exc)
  File "C:\Users\EliteBook\AppData\Local\Programs\Python\Python310\lib\site-packages\rest_framework\views.py", line 469, in handle_exception
    self.raise_uncaught_exception(exc)
  File "C:\Users\EliteBook\AppData\Local\Programs\Python\Python310\lib\site-packages\rest_framework\views.py", line 480, in raise_uncaught_exception
    raise exc
  File "C:\Users\EliteBook\AppData\Local\Programs\Python\Python310\lib\site-packages\rest_framework\views.py", line 506, in dispatch
    response = handler(request, *args, **kwargs)
  File "C:\Users\EliteBook\realtor\backend\properties\views.py", line 58, in post
    en = Property(
  File "C:\Users\EliteBook\AppData\Local\Programs\Python\Python310\lib\site-packages\django\db\models\base.py", line 541, in __init__
    _setattr(self, field.name, rel_obj)
  File "C:\Users\EliteBook\AppData\Local\Programs\Python\Python310\lib\site-packages\django\db\models\fields\related_descriptors.py", line 237, in __set__
    raise ValueError(
ValueError: Cannot assign "'friends'": "Property.privacy" must be a "privacy" instance.
ERROR 2023-05-28 23:23:20,662 "POST /posts/ HTTP/1.1" 500 106290
WARNING 2023-05-28 23:23:57,543 Not Found: /phpmyadmin/
WARNING 2023-05-28 23:23:57,545 "GET /phpmyadmin/ HTTP/1.1" 404 4712
WARNING 2023-05-28 23:23:58,516 Not Found: /favicon.ico
WARNING 2023-05-28 23:23:58,516 "GET /favicon.ico HTTP/1.1" 404 4712
ERROR 2023-05-28 23:24:52,372 Internal Server Error: /posts/
Traceback (most recent call last):
  File "C:\Users\EliteBook\AppData\Local\Programs\Python\Python310\lib\site-packages\django\core\handlers\exception.py", line 55, in inner
    response = get_response(request)
  File "C:\Users\EliteBook\AppData\Local\Programs\Python\Python310\lib\site-packages\django\core\handlers\base.py", line 197, in _get_response
    response = wrapped_callback(request, *callback_args, **callback_kwargs)
  File "C:\Users\EliteBook\AppData\Local\Programs\Python\Python310\lib\site-packages\django\views\decorators\csrf.py", line 54, in wrapped_view
    return view_func(*args, **kwargs)
  File "C:\Users\EliteBook\AppData\Local\Programs\Python\Python310\lib\site-packages\django\views\generic\base.py", line 103, in view
    return self.dispatch(request, *args, **kwargs)
  File "C:\Users\EliteBook\AppData\Local\Programs\Python\Python310\lib\site-packages\rest_framework\views.py", line 509, in dispatch
    response = self.handle_exception(exc)
  File "C:\Users\EliteBook\AppData\Local\Programs\Python\Python310\lib\site-packages\rest_framework\views.py", line 469, in handle_exception
    self.raise_uncaught_exception(exc)
  File "C:\Users\EliteBook\AppData\Local\Programs\Python\Python310\lib\site-packages\rest_framework\views.py", line 480, in raise_uncaught_exception
    raise exc
  File "C:\Users\EliteBook\AppData\Local\Programs\Python\Python310\lib\site-packages\rest_framework\views.py", line 506, in dispatch
    response = handler(request, *args, **kwargs)
  File "C:\Users\EliteBook\realtor\backend\properties\views.py", line 58, in post
    en = Property(
  File "C:\Users\EliteBook\AppData\Local\Programs\Python\Python310\lib\site-packages\django\db\models\base.py", line 541, in __init__
    _setattr(self, field.name, rel_obj)
  File "C:\Users\EliteBook\AppData\Local\Programs\Python\Python310\lib\site-packages\django\db\models\fields\related_descriptors.py", line 237, in __set__
    raise ValueError(
ValueError: Cannot assign "'friends'": "Property.privacy" must be a "privacy" instance.
ERROR 2023-05-28 23:24:52,376 "POST /posts/ HTTP/1.1" 500 106290
INFO 2023-05-28 23:25:02,563 C:\Users\EliteBook\realtor\backend\properties\views.py changed, reloading.
INFO 2023-05-28 23:25:04,033 Watching for file changes with StatReloader
ERROR 2023-05-28 23:25:15,613 Internal Server Error: /posts/
Traceback (most recent call last):
  File "C:\Users\EliteBook\AppData\Local\Programs\Python\Python310\lib\site-packages\django\core\handlers\exception.py", line 55, in inner
    response = get_response(request)
  File "C:\Users\EliteBook\AppData\Local\Programs\Python\Python310\lib\site-packages\django\core\handlers\base.py", line 197, in _get_response
    response = wrapped_callback(request, *callback_args, **callback_kwargs)
  File "C:\Users\EliteBook\AppData\Local\Programs\Python\Python310\lib\site-packages\django\views\decorators\csrf.py", line 54, in wrapped_view
    return view_func(*args, **kwargs)
  File "C:\Users\EliteBook\AppData\Local\Programs\Python\Python310\lib\site-packages\django\views\generic\base.py", line 103, in view
    return self.dispatch(request, *args, **kwargs)
  File "C:\Users\EliteBook\AppData\Local\Programs\Python\Python310\lib\site-packages\rest_framework\views.py", line 509, in dispatch
    response = self.handle_exception(exc)
  File "C:\Users\EliteBook\AppData\Local\Programs\Python\Python310\lib\site-packages\rest_framework\views.py", line 469, in handle_exception
    self.raise_uncaught_exception(exc)
  File "C:\Users\EliteBook\AppData\Local\Programs\Python\Python310\lib\site-packages\rest_framework\views.py", line 480, in raise_uncaught_exception
    raise exc
  File "C:\Users\EliteBook\AppData\Local\Programs\Python\Python310\lib\site-packages\rest_framework\views.py", line 506, in dispatch
    response = handler(request, *args, **kwargs)
  File "C:\Users\EliteBook\realtor\backend\properties\views.py", line 58, in post
    en = Property(
  File "C:\Users\EliteBook\AppData\Local\Programs\Python\Python310\lib\site-packages\django\db\models\base.py", line 541, in __init__
    _setattr(self, field.name, rel_obj)
  File "C:\Users\EliteBook\AppData\Local\Programs\Python\Python310\lib\site-packages\django\db\models\fields\related_descriptors.py", line 237, in __set__
    raise ValueError(
ValueError: Cannot assign "48": "Property.agent" must be a "User" instance.
ERROR 2023-05-28 23:25:15,618 "POST /posts/ HTTP/1.1" 500 106323
INFO 2023-05-28 23:25:54,077 C:\Users\EliteBook\realtor\backend\properties\views.py changed, reloading.
INFO 2023-05-28 23:25:55,798 Watching for file changes with StatReloader
INFO 2023-05-28 23:26:04,989 "OPTIONS /properties/ HTTP/1.1" 200 0
INFO 2023-05-28 23:26:04,992 "OPTIONS /properties/ HTTP/1.1" 200 0
INFO 2023-05-28 23:26:04,996 "OPTIONS /properties/ HTTP/1.1" 200 0
INFO 2023-05-28 23:26:05,023 "GET /properties/ HTTP/1.1" 200 2
INFO 2023-05-28 23:26:05,032 "GET /properties/ HTTP/1.1" 200 2
INFO 2023-05-28 23:26:05,044 "GET /properties/ HTTP/1.1" 200 2
ERROR 2023-05-28 23:26:24,687 Internal Server Error: /posts/
Traceback (most recent call last):
  File "C:\Users\EliteBook\AppData\Local\Programs\Python\Python310\lib\site-packages\django\core\handlers\exception.py", line 55, in inner
    response = get_response(request)
  File "C:\Users\EliteBook\AppData\Local\Programs\Python\Python310\lib\site-packages\django\core\handlers\base.py", line 197, in _get_response
    response = wrapped_callback(request, *callback_args, **callback_kwargs)
  File "C:\Users\EliteBook\AppData\Local\Programs\Python\Python310\lib\site-packages\django\views\decorators\csrf.py", line 54, in wrapped_view
    return view_func(*args, **kwargs)
  File "C:\Users\EliteBook\AppData\Local\Programs\Python\Python310\lib\site-packages\django\views\generic\base.py", line 103, in view
    return self.dispatch(request, *args, **kwargs)
  File "C:\Users\EliteBook\AppData\Local\Programs\Python\Python310\lib\site-packages\rest_framework\views.py", line 509, in dispatch
    response = self.handle_exception(exc)
  File "C:\Users\EliteBook\AppData\Local\Programs\Python\Python310\lib\site-packages\rest_framework\views.py", line 469, in handle_exception
    self.raise_uncaught_exception(exc)
  File "C:\Users\EliteBook\AppData\Local\Programs\Python\Python310\lib\site-packages\rest_framework\views.py", line 480, in raise_uncaught_exception
    raise exc
  File "C:\Users\EliteBook\AppData\Local\Programs\Python\Python310\lib\site-packages\rest_framework\views.py", line 506, in dispatch
    response = handler(request, *args, **kwargs)
  File "C:\Users\EliteBook\realtor\backend\properties\views.py", line 58, in post
    en = Property(
  File "C:\Users\EliteBook\AppData\Local\Programs\Python\Python310\lib\site-packages\django\db\models\base.py", line 541, in __init__
    _setattr(self, field.name, rel_obj)
  File "C:\Users\EliteBook\AppData\Local\Programs\Python\Python310\lib\site-packages\django\db\models\fields\related_descriptors.py", line 237, in __set__
    raise ValueError(
ValueError: Cannot assign "'public'": "Property.privacy" must be a "privacy" instance.
ERROR 2023-05-28 23:26:24,690 "POST /posts/ HTTP/1.1" 500 106263
INFO 2023-05-28 23:26:43,056 C:\Users\EliteBook\realtor\backend\properties\views.py changed, reloading.
INFO 2023-05-28 23:26:44,843 Watching for file changes with StatReloader
INFO 2023-05-28 23:26:49,359 C:\Users\EliteBook\realtor\backend\properties\views.py changed, reloading.
INFO 2023-05-28 23:26:51,389 Watching for file changes with StatReloader
INFO 2023-05-28 23:27:13,012 C:\Users\EliteBook\realtor\backend\properties\views.py changed, reloading.
INFO 2023-05-28 23:27:15,463 Watching for file changes with StatReloader
INFO 2023-05-28 23:30:14,960 C:\Users\EliteBook\realtor\backend\properties\views.py changed, reloading.
INFO 2023-05-28 23:30:16,428 Watching for file changes with StatReloader
INFO 2023-05-28 23:30:23,870 C:\Users\EliteBook\realtor\backend\properties\views.py changed, reloading.
INFO 2023-05-28 23:30:25,784 Watching for file changes with StatReloader
INFO 2023-05-28 23:30:34,651 C:\Users\EliteBook\realtor\backend\properties\views.py changed, reloading.
INFO 2023-05-28 23:30:36,311 Watching for file changes with StatReloader
INFO 2023-05-28 23:30:41,419 C:\Users\EliteBook\realtor\backend\properties\views.py changed, reloading.
INFO 2023-05-28 23:30:42,848 Watching for file changes with StatReloader
INFO 2023-05-28 23:30:52,392 C:\Users\EliteBook\realtor\backend\properties\views.py changed, reloading.
INFO 2023-05-28 23:30:54,074 Watching for file changes with StatReloader
INFO 2023-05-28 23:30:59,558 C:\Users\EliteBook\realtor\backend\properties\views.py changed, reloading.
INFO 2023-05-28 23:31:01,005 Watching for file changes with StatReloader
INFO 2023-05-28 23:31:06,836 C:\Users\EliteBook\realtor\backend\properties\views.py changed, reloading.
INFO 2023-05-28 23:31:08,468 Watching for file changes with StatReloader
INFO 2023-05-28 23:31:13,761 C:\Users\EliteBook\realtor\backend\properties\views.py changed, reloading.
INFO 2023-05-28 23:31:15,351 Watching for file changes with StatReloader
INFO 2023-05-28 23:31:20,013 C:\Users\EliteBook\realtor\backend\properties\views.py changed, reloading.
INFO 2023-05-28 23:31:22,176 Watching for file changes with StatReloader
INFO 2023-05-28 23:31:28,816 C:\Users\EliteBook\realtor\backend\properties\views.py changed, reloading.
INFO 2023-05-28 23:31:30,675 Watching for file changes with StatReloader
INFO 2023-05-28 23:32:02,056 C:\Users\EliteBook\realtor\backend\properties\views.py changed, reloading.
INFO 2023-05-28 23:32:04,162 Watching for file changes with StatReloader
ERROR 2023-05-28 23:32:18,828 Internal Server Error: /posts/
Traceback (most recent call last):
  File "C:\Users\EliteBook\AppData\Local\Programs\Python\Python310\lib\site-packages\django\core\handlers\exception.py", line 55, in inner
    response = get_response(request)
  File "C:\Users\EliteBook\AppData\Local\Programs\Python\Python310\lib\site-packages\django\core\handlers\base.py", line 197, in _get_response
    response = wrapped_callback(request, *callback_args, **callback_kwargs)
  File "C:\Users\EliteBook\AppData\Local\Programs\Python\Python310\lib\site-packages\django\views\decorators\csrf.py", line 54, in wrapped_view
    return view_func(*args, **kwargs)
  File "C:\Users\EliteBook\AppData\Local\Programs\Python\Python310\lib\site-packages\django\views\generic\base.py", line 103, in view
    return self.dispatch(request, *args, **kwargs)
  File "C:\Users\EliteBook\AppData\Local\Programs\Python\Python310\lib\site-packages\rest_framework\views.py", line 509, in dispatch
    response = self.handle_exception(exc)
  File "C:\Users\EliteBook\AppData\Local\Programs\Python\Python310\lib\site-packages\rest_framework\views.py", line 469, in handle_exception
    self.raise_uncaught_exception(exc)
  File "C:\Users\EliteBook\AppData\Local\Programs\Python\Python310\lib\site-packages\rest_framework\views.py", line 480, in raise_uncaught_exception
    raise exc
  File "C:\Users\EliteBook\AppData\Local\Programs\Python\Python310\lib\site-packages\rest_framework\views.py", line 506, in dispatch
    response = handler(request, *args, **kwargs)
  File "C:\Users\EliteBook\realtor\backend\properties\views.py", line 61, in post
    en = Property(
  File "C:\Users\EliteBook\AppData\Local\Programs\Python\Python310\lib\site-packages\django\db\models\base.py", line 541, in __init__
    _setattr(self, field.name, rel_obj)
  File "C:\Users\EliteBook\AppData\Local\Programs\Python\Python310\lib\site-packages\django\db\models\fields\related_descriptors.py", line 237, in __set__
    raise ValueError(
ValueError: Cannot assign "48": "Property.agent" must be a "User" instance.
ERROR 2023-05-28 23:32:18,840 "POST /posts/ HTTP/1.1" 500 106590
INFO 2023-05-28 23:32:51,426 C:\Users\EliteBook\realtor\backend\properties\views.py changed, reloading.
INFO 2023-05-28 23:32:54,058 Watching for file changes with StatReloader
ERROR 2023-05-28 23:33:06,971 Internal Server Error: /posts/
Traceback (most recent call last):
  File "C:\Users\EliteBook\AppData\Local\Programs\Python\Python310\lib\site-packages\django\db\backends\mysql\base.py", line 75, in execute
    return self.cursor.execute(query, args)
  File "C:\Users\EliteBook\AppData\Local\Programs\Python\Python310\lib\site-packages\MySQLdb\cursors.py", line 206, in execute
    res = self._query(query)
  File "C:\Users\EliteBook\AppData\Local\Programs\Python\Python310\lib\site-packages\MySQLdb\cursors.py", line 319, in _query
    db.query(q)
  File "C:\Users\EliteBook\AppData\Local\Programs\Python\Python310\lib\site-packages\MySQLdb\connections.py", line 254, in query
    _mysql.connection.query(self, query)
MySQLdb.OperationalError: (1048, "Column 'rooms' cannot be null")

During handling of the above exception, another exception occurred:

Traceback (most recent call last):
  File "C:\Users\EliteBook\AppData\Local\Programs\Python\Python310\lib\site-packages\django\core\handlers\exception.py", line 55, in inner
    response = get_response(request)
  File "C:\Users\EliteBook\AppData\Local\Programs\Python\Python310\lib\site-packages\django\core\handlers\base.py", line 197, in _get_response
    response = wrapped_callback(request, *callback_args, **callback_kwargs)
  File "C:\Users\EliteBook\AppData\Local\Programs\Python\Python310\lib\site-packages\django\views\decorators\csrf.py", line 54, in wrapped_view
    return view_func(*args, **kwargs)
  File "C:\Users\EliteBook\AppData\Local\Programs\Python\Python310\lib\site-packages\django\views\generic\base.py", line 103, in view
    return self.dispatch(request, *args, **kwargs)
  File "C:\Users\EliteBook\AppData\Local\Programs\Python\Python310\lib\site-packages\rest_framework\views.py", line 509, in dispatch
    response = self.handle_exception(exc)
  File "C:\Users\EliteBook\AppData\Local\Programs\Python\Python310\lib\site-packages\rest_framework\views.py", line 469, in handle_exception
    self.raise_uncaught_exception(exc)
  File "C:\Users\EliteBook\AppData\Local\Programs\Python\Python310\lib\site-packages\rest_framework\views.py", line 480, in raise_uncaught_exception
    raise exc
  File "C:\Users\EliteBook\AppData\Local\Programs\Python\Python310\lib\site-packages\rest_framework\views.py", line 506, in dispatch
    response = handler(request, *args, **kwargs)
  File "C:\Users\EliteBook\realtor\backend\properties\views.py", line 69, in post
    en.save()
  File "C:\Users\EliteBook\AppData\Local\Programs\Python\Python310\lib\site-packages\django\db\models\base.py", line 812, in save
    self.save_base(
  File "C:\Users\EliteBook\AppData\Local\Programs\Python\Python310\lib\site-packages\django\db\models\base.py", line 863, in save_base
    updated = self._save_table(
  File "C:\Users\EliteBook\AppData\Local\Programs\Python\Python310\lib\site-packages\django\db\models\base.py", line 1006, in _save_table
    results = self._do_insert(
  File "C:\Users\EliteBook\AppData\Local\Programs\Python\Python310\lib\site-packages\django\db\models\base.py", line 1047, in _do_insert
    return manager._insert(
  File "C:\Users\EliteBook\AppData\Local\Programs\Python\Python310\lib\site-packages\django\db\models\manager.py", line 85, in manager_method
    return getattr(self.get_queryset(), name)(*args, **kwargs)
  File "C:\Users\EliteBook\AppData\Local\Programs\Python\Python310\lib\site-packages\django\db\models\query.py", line 1791, in _insert
    return query.get_compiler(using=using).execute_sql(returning_fields)
  File "C:\Users\EliteBook\AppData\Local\Programs\Python\Python310\lib\site-packages\django\db\models\sql\compiler.py", line 1660, in execute_sql
    cursor.execute(sql, params)
  File "C:\Users\EliteBook\AppData\Local\Programs\Python\Python310\lib\site-packages\django\db\backends\utils.py", line 103, in execute
    return super().execute(sql, params)
  File "C:\Users\EliteBook\AppData\Local\Programs\Python\Python310\lib\site-packages\django\db\backends\utils.py", line 67, in execute
    return self._execute_with_wrappers(
  File "C:\Users\EliteBook\AppData\Local\Programs\Python\Python310\lib\site-packages\django\db\backends\utils.py", line 80, in _execute_with_wrappers
    return executor(sql, params, many, context)
  File "C:\Users\EliteBook\AppData\Local\Programs\Python\Python310\lib\site-packages\django\db\backends\utils.py", line 89, in _execute
    return self.cursor.execute(sql, params)
  File "C:\Users\EliteBook\AppData\Local\Programs\Python\Python310\lib\site-packages\django\db\backends\mysql\base.py", line 80, in execute
    raise IntegrityError(*tuple(e.args))
django.db.utils.IntegrityError: (1048, "Column 'rooms' cannot be null")
ERROR 2023-05-28 23:33:06,986 "POST /posts/ HTTP/1.1" 500 176715
INFO 2023-05-28 23:33:40,253 C:\Users\EliteBook\realtor\backend\properties\models.py changed, reloading.
INFO 2023-05-28 23:33:46,265 Watching for file changes with StatReloader
INFO 2023-05-28 23:34:22,998 Watching for file changes with StatReloader
ERROR 2023-05-28 23:34:31,570 Internal Server Error: /posts/
Traceback (most recent call last):
  File "C:\Users\EliteBook\AppData\Local\Programs\Python\Python310\lib\site-packages\django\db\backends\mysql\base.py", line 75, in execute
    return self.cursor.execute(query, args)
  File "C:\Users\EliteBook\AppData\Local\Programs\Python\Python310\lib\site-packages\MySQLdb\cursors.py", line 206, in execute
    res = self._query(query)
  File "C:\Users\EliteBook\AppData\Local\Programs\Python\Python310\lib\site-packages\MySQLdb\cursors.py", line 319, in _query
    db.query(q)
  File "C:\Users\EliteBook\AppData\Local\Programs\Python\Python310\lib\site-packages\MySQLdb\connections.py", line 254, in query
    _mysql.connection.query(self, query)
MySQLdb.OperationalError: (1048, "Column 'price' cannot be null")

During handling of the above exception, another exception occurred:

Traceback (most recent call last):
  File "C:\Users\EliteBook\AppData\Local\Programs\Python\Python310\lib\site-packages\django\core\handlers\exception.py", line 55, in inner
    response = get_response(request)
  File "C:\Users\EliteBook\AppData\Local\Programs\Python\Python310\lib\site-packages\django\core\handlers\base.py", line 197, in _get_response
    response = wrapped_callback(request, *callback_args, **callback_kwargs)
  File "C:\Users\EliteBook\AppData\Local\Programs\Python\Python310\lib\site-packages\django\views\decorators\csrf.py", line 54, in wrapped_view
    return view_func(*args, **kwargs)
  File "C:\Users\EliteBook\AppData\Local\Programs\Python\Python310\lib\site-packages\django\views\generic\base.py", line 103, in view
    return self.dispatch(request, *args, **kwargs)
  File "C:\Users\EliteBook\AppData\Local\Programs\Python\Python310\lib\site-packages\rest_framework\views.py", line 509, in dispatch
    response = self.handle_exception(exc)
  File "C:\Users\EliteBook\AppData\Local\Programs\Python\Python310\lib\site-packages\rest_framework\views.py", line 469, in handle_exception
    self.raise_uncaught_exception(exc)
  File "C:\Users\EliteBook\AppData\Local\Programs\Python\Python310\lib\site-packages\rest_framework\views.py", line 480, in raise_uncaught_exception
    raise exc
  File "C:\Users\EliteBook\AppData\Local\Programs\Python\Python310\lib\site-packages\rest_framework\views.py", line 506, in dispatch
    response = handler(request, *args, **kwargs)
  File "C:\Users\EliteBook\realtor\backend\properties\views.py", line 69, in post
    en.save()
  File "C:\Users\EliteBook\AppData\Local\Programs\Python\Python310\lib\site-packages\django\db\models\base.py", line 812, in save
    self.save_base(
  File "C:\Users\EliteBook\AppData\Local\Programs\Python\Python310\lib\site-packages\django\db\models\base.py", line 863, in save_base
    updated = self._save_table(
  File "C:\Users\EliteBook\AppData\Local\Programs\Python\Python310\lib\site-packages\django\db\models\base.py", line 1006, in _save_table
    results = self._do_insert(
  File "C:\Users\EliteBook\AppData\Local\Programs\Python\Python310\lib\site-packages\django\db\models\base.py", line 1047, in _do_insert
    return manager._insert(
  File "C:\Users\EliteBook\AppData\Local\Programs\Python\Python310\lib\site-packages\django\db\models\manager.py", line 85, in manager_method
    return getattr(self.get_queryset(), name)(*args, **kwargs)
  File "C:\Users\EliteBook\AppData\Local\Programs\Python\Python310\lib\site-packages\django\db\models\query.py", line 1791, in _insert
    return query.get_compiler(using=using).execute_sql(returning_fields)
  File "C:\Users\EliteBook\AppData\Local\Programs\Python\Python310\lib\site-packages\django\db\models\sql\compiler.py", line 1660, in execute_sql
    cursor.execute(sql, params)
  File "C:\Users\EliteBook\AppData\Local\Programs\Python\Python310\lib\site-packages\django\db\backends\utils.py", line 103, in execute
    return super().execute(sql, params)
  File "C:\Users\EliteBook\AppData\Local\Programs\Python\Python310\lib\site-packages\django\db\backends\utils.py", line 67, in execute
    return self._execute_with_wrappers(
  File "C:\Users\EliteBook\AppData\Local\Programs\Python\Python310\lib\site-packages\django\db\backends\utils.py", line 80, in _execute_with_wrappers
    return executor(sql, params, many, context)
  File "C:\Users\EliteBook\AppData\Local\Programs\Python\Python310\lib\site-packages\django\db\backends\utils.py", line 89, in _execute
    return self.cursor.execute(sql, params)
  File "C:\Users\EliteBook\AppData\Local\Programs\Python\Python310\lib\site-packages\django\db\backends\mysql\base.py", line 80, in execute
    raise IntegrityError(*tuple(e.args))
django.db.utils.IntegrityError: (1048, "Column 'price' cannot be null")
ERROR 2023-05-28 23:34:31,579 "POST /posts/ HTTP/1.1" 500 176715
INFO 2023-05-28 23:34:56,448 C:\Users\EliteBook\realtor\backend\properties\models.py changed, reloading.
INFO 2023-05-28 23:34:59,068 Watching for file changes with StatReloader
INFO 2023-05-28 23:35:06,012 C:\Users\EliteBook\realtor\backend\properties\models.py changed, reloading.
INFO 2023-05-28 23:35:08,248 Watching for file changes with StatReloader
INFO 2023-05-28 23:35:17,628 C:\Users\EliteBook\realtor\backend\properties\models.py changed, reloading.
INFO 2023-05-28 23:35:19,609 Watching for file changes with StatReloader
INFO 2023-05-28 23:35:35,013 C:\Users\EliteBook\realtor\backend\properties\models.py changed, reloading.
INFO 2023-05-28 23:35:37,212 Watching for file changes with StatReloader
INFO 2023-05-28 23:35:42,832 C:\Users\EliteBook\realtor\backend\properties\models.py changed, reloading.
INFO 2023-05-28 23:35:44,441 Watching for file changes with StatReloader
INFO 2023-05-28 23:36:05,443 Watching for file changes with StatReloader
INFO 2023-05-28 23:36:16,751 "POST /posts/ HTTP/1.1" 200 26
INFO 2023-05-28 23:36:51,591 "OPTIONS /login/ HTTP/1.1" 200 0
INFO 2023-05-28 23:36:52,271 "POST /login/ HTTP/1.1" 200 588
INFO 2023-05-28 23:36:52,351 "GET /properties/ HTTP/1.1" 200 869
INFO 2023-05-28 23:36:52,391 "GET /properties/ HTTP/1.1" 200 869
INFO 2023-05-28 23:36:52,423 "GET /properties/ HTTP/1.1" 200 869
INFO 2023-05-28 23:36:52,680 "GET /media/properties/passports/image4_J684IMp.png HTTP/1.1" 200 61535
INFO 2023-05-28 23:37:45,238 "POST /posts/ HTTP/1.1" 200 26
INFO 2023-05-28 23:37:54,471 "GET /properties/ HTTP/1.1" 200 1748
INFO 2023-05-28 23:37:54,518 "GET /properties/ HTTP/1.1" 200 1748
INFO 2023-05-28 23:37:54,578 "GET /properties/ HTTP/1.1" 200 1748
INFO 2023-05-28 23:37:55,459 "GET /media/properties/passports/image4_J684IMp.png HTTP/1.1" 304 0
INFO 2023-05-28 23:37:55,474 "GET /media/properties/passports/image3_Nd6TT0p.png HTTP/1.1" 200 20915
INFO 2023-05-28 23:38:07,846 "POST /login/ HTTP/1.1" 200 588
INFO 2023-05-28 23:38:07,960 "GET /properties/ HTTP/1.1" 200 1748
INFO 2023-05-28 23:38:08,043 "GET /properties/ HTTP/1.1" 200 1748
INFO 2023-05-28 23:38:08,082 "GET /properties/ HTTP/1.1" 200 1748
INFO 2023-05-28 23:41:38,942 "GET /properties/ HTTP/1.1" 200 1748
INFO 2023-05-28 23:41:38,982 "GET /properties/ HTTP/1.1" 200 1748
INFO 2023-05-28 23:41:39,020 "GET /properties/ HTTP/1.1" 200 1748
INFO 2023-05-28 23:41:39,602 "GET /properties/ HTTP/1.1" 200 1748
INFO 2023-05-28 23:41:39,634 "GET /properties/ HTTP/1.1" 200 1748
INFO 2023-05-28 23:41:39,684 "GET /properties/ HTTP/1.1" 200 1748
INFO 2023-05-28 23:41:40,015 "GET /media/properties/passports/image3_Nd6TT0p.png HTTP/1.1" 304 0
INFO 2023-05-28 23:41:40,015 "GET /media/properties/passports/image4_J684IMp.png HTTP/1.1" 304 0
INFO 2023-05-28 23:41:51,555 "GET /properties/ HTTP/1.1" 200 1748
INFO 2023-05-28 23:41:51,578 "GET /properties/ HTTP/1.1" 200 1748
INFO 2023-05-28 23:41:51,617 "GET /properties/ HTTP/1.1" 200 1748
INFO 2023-05-28 23:41:52,382 "GET /properties/ HTTP/1.1" 200 1748
INFO 2023-05-28 23:41:52,414 "GET /properties/ HTTP/1.1" 200 1748
INFO 2023-05-28 23:41:52,442 "GET /properties/ HTTP/1.1" 200 1748
INFO 2023-05-28 23:42:02,922 "GET /properties/ HTTP/1.1" 200 1748
INFO 2023-05-28 23:42:02,973 "GET /properties/ HTTP/1.1" 200 1748
INFO 2023-05-28 23:42:03,033 "GET /properties/ HTTP/1.1" 200 1748
INFO 2023-05-28 23:42:03,488 "GET /properties/ HTTP/1.1" 200 1748
INFO 2023-05-28 23:42:03,523 "GET /properties/ HTTP/1.1" 200 1748
INFO 2023-05-28 23:42:03,952 "GET /properties/ HTTP/1.1" 200 1748
INFO 2023-05-28 23:42:09,423 "GET /properties/ HTTP/1.1" 200 1748
INFO 2023-05-28 23:42:09,450 "GET /properties/ HTTP/1.1" 200 1748
INFO 2023-05-28 23:42:09,488 "GET /properties/ HTTP/1.1" 200 1748
INFO 2023-05-28 23:42:09,521 "GET /properties/ HTTP/1.1" 200 1748
INFO 2023-05-28 23:42:09,572 "GET /properties/ HTTP/1.1" 200 1748
INFO 2023-05-28 23:42:09,600 "GET /properties/ HTTP/1.1" 200 1748
INFO 2023-05-28 23:42:25,168 "GET /properties/ HTTP/1.1" 200 1748
INFO 2023-05-28 23:42:25,247 "GET /properties/ HTTP/1.1" 200 1748
INFO 2023-05-28 23:42:25,840 "GET /properties/ HTTP/1.1" 200 1748
INFO 2023-05-28 23:42:27,239 "GET /properties/ HTTP/1.1" 200 1748
INFO 2023-05-28 23:42:27,291 "GET /properties/ HTTP/1.1" 200 1748
INFO 2023-05-28 23:42:27,575 "GET /properties/ HTTP/1.1" 200 1748
INFO 2023-05-28 23:45:22,144 "GET /properties/ HTTP/1.1" 200 1748
INFO 2023-05-28 23:45:22,172 "GET /properties/ HTTP/1.1" 200 1748
INFO 2023-05-28 23:45:22,198 "GET /properties/ HTTP/1.1" 200 1748
INFO 2023-05-28 23:45:58,556 "GET /properties/ HTTP/1.1" 200 1748
INFO 2023-05-28 23:45:58,618 "GET /properties/ HTTP/1.1" 200 1748
INFO 2023-05-28 23:45:58,691 "GET /properties/ HTTP/1.1" 200 1748
INFO 2023-05-28 23:45:58,923 "GET /properties/ HTTP/1.1" 200 1748
INFO 2023-05-28 23:45:59,005 "GET /properties/ HTTP/1.1" 200 1748
INFO 2023-05-28 23:45:59,048 "GET /properties/ HTTP/1.1" 200 1748
INFO 2023-05-28 23:45:59,290 "GET /properties/ HTTP/1.1" 200 1748
INFO 2023-05-28 23:45:59,448 "GET /properties/ HTTP/1.1" 200 1748
INFO 2023-05-28 23:45:59,633 "GET /properties/ HTTP/1.1" 200 1748
INFO 2023-05-28 23:45:59,752 "GET /properties/ HTTP/1.1" 200 1748
INFO 2023-05-28 23:45:59,804 "GET /properties/ HTTP/1.1" 200 1748
INFO 2023-05-28 23:45:59,933 "GET /properties/ HTTP/1.1" 200 1748
INFO 2023-05-28 23:46:00,348 "GET /properties/ HTTP/1.1" 200 1748
INFO 2023-05-28 23:46:00,428 "GET /properties/ HTTP/1.1" 200 1748
INFO 2023-05-28 23:46:00,499 "GET /properties/ HTTP/1.1" 200 1748
INFO 2023-05-28 23:46:00,534 "GET /properties/ HTTP/1.1" 200 1748
INFO 2023-05-28 23:46:00,578 "GET /properties/ HTTP/1.1" 200 1748
INFO 2023-05-28 23:46:00,634 "GET /properties/ HTTP/1.1" 200 1748
INFO 2023-05-28 23:46:00,657 "GET /properties/ HTTP/1.1" 200 1748
INFO 2023-05-28 23:46:00,717 "GET /properties/ HTTP/1.1" 200 1748
INFO 2023-05-28 23:46:00,834 "GET /properties/ HTTP/1.1" 200 1748
INFO 2023-05-28 23:54:46,713 "GET /properties/ HTTP/1.1" 200 1748
INFO 2023-05-28 23:54:46,765 "GET /media/properties/passports/image4_J684IMp.png HTTP/1.1" 304 0
INFO 2023-05-28 23:54:46,767 "GET /media/properties/passports/image3_Nd6TT0p.png HTTP/1.1" 304 0
INFO 2023-05-28 23:54:46,773 "GET /properties/ HTTP/1.1" 200 1748
INFO 2023-05-28 23:54:46,801 "GET /properties/ HTTP/1.1" 200 1748
INFO 2023-05-28 23:55:03,909 "GET /properties/ HTTP/1.1" 200 1748
INFO 2023-05-28 23:55:04,217 "GET /properties/ HTTP/1.1" 200 1748
INFO 2023-05-28 23:55:04,338 "GET /properties/ HTTP/1.1" 200 1748
INFO 2023-05-28 23:55:05,353 "GET /properties/ HTTP/1.1" 200 1748
INFO 2023-05-28 23:55:05,397 "GET /properties/ HTTP/1.1" 200 1748
INFO 2023-05-28 23:55:05,443 "GET /properties/ HTTP/1.1" 200 1748
INFO 2023-05-28 23:56:43,247 "GET /properties/ HTTP/1.1" 200 1748
INFO 2023-05-28 23:56:43,279 "GET /properties/ HTTP/1.1" 200 1748
INFO 2023-05-28 23:56:43,344 "GET /properties/ HTTP/1.1" 200 1748
INFO 2023-05-28 23:56:43,961 "GET /properties/ HTTP/1.1" 200 1748
INFO 2023-05-28 23:56:43,999 "GET /properties/ HTTP/1.1" 200 1748
INFO 2023-05-28 23:56:44,028 "GET /properties/ HTTP/1.1" 200 1748
